c:\users\jmfrank\source\repos\jmfrank63\blitzkrieg\sources\src\scene\release\scene.pch
c:\users\jmfrank\source\repos\jmfrank63\blitzkrieg\sources\src\scene\release\vc145.pdb
c:\users\jmfrank\source\repos\jmfrank63\blitzkrieg\sources\src\scene\release\stdafx.obj
c:\users\jmfrank\source\repos\jmfrank63\blitzkrieg\sources\src\scene\release\cursor.obj
c:\users\jmfrank\source\repos\jmfrank63\blitzkrieg\sources\src\scene\release\camera.obj
c:\users\jmfrank\source\repos\jmfrank63\blitzkrieg\sources\src\scene\release\statsystem.obj
c:\users\jmfrank\source\repos\jmfrank63\blitzkrieg\sources\src\scene\release\visobjbuilder.obj
c:\users\jmfrank\source\repos\jmfrank63\blitzkrieg\sources\src\scene\release\squadvisobj.obj
c:\users\jmfrank\source\repos\jmfrank63\blitzkrieg\sources\src\scene\release\flashvisobj.obj
c:\users\jmfrank\source\repos\jmfrank63\blitzkrieg\sources\src\scene\release\effectvisobj.obj
c:\users\jmfrank\source\repos\jmfrank63\blitzkrieg\sources\src\scene\release\boldlinevisobj.obj
c:\users\jmfrank\source\repos\jmfrank63\blitzkrieg\sources\src\scene\release\icontext.obj
c:\users\jmfrank\source\repos\jmfrank63\blitzkrieg\sources\src\scene\release\iconpic.obj
c:\users\jmfrank\source\repos\jmfrank63\blitzkrieg\sources\src\scene\release\iconhpbar.obj
c:\users\jmfrank\source\repos\jmfrank63\blitzkrieg\sources\src\scene\release\iconbar.obj
c:\users\jmfrank\source\repos\jmfrank63\blitzkrieg\sources\src\scene\release\icon.obj
c:\users\jmfrank\source\repos\jmfrank63\blitzkrieg\sources\src\scene\release\scenepick.obj
c:\users\jmfrank\source\repos\jmfrank63\blitzkrieg\sources\src\scene\release\sceneinternal.obj
c:\users\jmfrank\source\repos\jmfrank63\blitzkrieg\sources\src\scene\release\globalsloader.obj
c:\users\jmfrank\source\repos\jmfrank63\blitzkrieg\sources\src\scene\release\transition.obj
c:\users\jmfrank\source\repos\jmfrank63\blitzkrieg\sources\src\scene\release\fastsincos.obj
c:\users\jmfrank\source\repos\jmfrank63\blitzkrieg\sources\src\scene\release\track.obj
c:\users\jmfrank\source\repos\jmfrank63\blitzkrieg\sources\src\scene\release\smokinparticlesourcedata.obj
c:\users\jmfrank\source\repos\jmfrank63\blitzkrieg\sources\src\scene\release\smokinparticlesource.obj
c:\users\jmfrank\source\repos\jmfrank63\blitzkrieg\sources\src\scene\release\particlesourcedata.obj
c:\users\jmfrank\source\repos\jmfrank63\blitzkrieg\sources\src\scene\release\particlemanager.obj
c:\users\jmfrank\source\repos\jmfrank63\blitzkrieg\sources\src\scene\release\keybasedparticlesource.obj
c:\users\jmfrank\source\repos\jmfrank63\blitzkrieg\sources\src\scene\release\soundsceneserialize.obj
c:\users\jmfrank\source\repos\jmfrank63\blitzkrieg\sources\src\scene\release\soundscene.obj
c:\users\jmfrank\source\repos\jmfrank63\blitzkrieg\sources\src\scene\release\scenesound.obj
c:\users\jmfrank\source\repos\jmfrank63\blitzkrieg\sources\src\scene\release\cellsconglomeratecontainer.obj
c:\users\jmfrank\source\repos\jmfrank63\blitzkrieg\sources\src\scene\release\matrixeffector.obj
c:\users\jmfrank\source\repos\jmfrank63\blitzkrieg\sources\src\scene\release\materialeffector.obj
c:\users\jmfrank\source\repos\jmfrank63\blitzkrieg\sources\src\scene\release\drawvisitor.obj
c:\users\jmfrank\source\repos\jmfrank63\blitzkrieg\sources\src\scene\release\animvisitor.obj
c:\users\jmfrank\source\repos\jmfrank63\blitzkrieg\sources\src\scene\release\frameselection.obj
c:\users\jmfrank\source\repos\jmfrank63\blitzkrieg\sources\src\scene\release\gammaeffect.obj
c:\users\jmfrank\source\repos\jmfrank63\blitzkrieg\sources\src\scene\release\terrasound.obj
c:\users\jmfrank\source\repos\jmfrank63\blitzkrieg\sources\src\scene\release\terradraw.obj
c:\users\jmfrank\source\repos\jmfrank63\blitzkrieg\sources\src\scene\release\vectorobject.obj
c:\users\jmfrank\source\repos\jmfrank63\blitzkrieg\sources\src\scene\release\terrainwater.obj
c:\users\jmfrank\source\repos\jmfrank63\blitzkrieg\sources\src\scene\release\terrainroad.obj
c:\users\jmfrank\source\repos\jmfrank63\blitzkrieg\sources\src\scene\release\terraineditor.obj
c:\users\jmfrank\source\repos\jmfrank63\blitzkrieg\sources\src\scene\release\terrainbuilder.obj
c:\users\jmfrank\source\repos\jmfrank63\blitzkrieg\sources\src\scene\release\scene.tlog\cl.command.1.tlog
c:\users\jmfrank\source\repos\jmfrank63\blitzkrieg\sources\src\scene\release\scene.tlog\cl.read.1.tlog
c:\users\jmfrank\source\repos\jmfrank63\blitzkrieg\sources\src\scene\release\scene.tlog\cl.write.1.tlog
