C:\Users\jmfra\Projects\Zig\Blitzkrieg\Sources\src\zlib\.\Release\zlib.lib
C:\USERS\JMFRA\PROJECTS\ZIG\BLITZKRIEG\SOURCES\SRC\ZLIB\RELEASE\ADLER32.OBJ
C:\Users\jmfra\Projects\Zig\Blitzkrieg\Sources\src\zlib\Release\cl.command.1.tlog
C:\Users\jmfra\Projects\Zig\Blitzkrieg\Sources\src\zlib\Release\CL.read.1.tlog
C:\Users\jmfra\Projects\Zig\Blitzkrieg\Sources\src\zlib\Release\CL.write.1.tlog
C:\USERS\JMFRA\PROJECTS\ZIG\BLITZKRIEG\SOURCES\SRC\ZLIB\RELEASE\COMPRESS.OBJ
C:\USERS\JMFRA\PROJECTS\ZIG\BLITZKRIEG\SOURCES\SRC\ZLIB\RELEASE\CRC32.OBJ
C:\USERS\JMFRA\PROJECTS\ZIG\BLITZKRIEG\SOURCES\SRC\ZLIB\RELEASE\DEFLATE.OBJ
C:\USERS\JMFRA\PROJECTS\ZIG\BLITZKRIEG\SOURCES\SRC\ZLIB\RELEASE\GZIO.OBJ
C:\USERS\JMFRA\PROJECTS\ZIG\BLITZKRIEG\SOURCES\SRC\ZLIB\RELEASE\INFBLOCK.OBJ
C:\USERS\JMFRA\PROJECTS\ZIG\BLITZKRIEG\SOURCES\SRC\ZLIB\RELEASE\INFCODES.OBJ
C:\USERS\JMFRA\PROJECTS\ZIG\BLITZKRIEG\SOURCES\SRC\ZLIB\RELEASE\INFFAST.OBJ
C:\USERS\JMFRA\PROJECTS\ZIG\BLITZKRIEG\SOURCES\SRC\ZLIB\RELEASE\INFLATE.OBJ
C:\USERS\JMFRA\PROJECTS\ZIG\BLITZKRIEG\SOURCES\SRC\ZLIB\RELEASE\INFTREES.OBJ
C:\USERS\JMFRA\PROJECTS\ZIG\BLITZKRIEG\SOURCES\SRC\ZLIB\RELEASE\INFUTIL.OBJ
C:\Users\jmfra\Projects\Zig\Blitzkrieg\Sources\src\zlib\Release\lib.command.1.tlog
C:\Users\jmfra\Projects\Zig\Blitzkrieg\Sources\src\zlib\Release\Lib-link.read.1.tlog
C:\Users\jmfra\Projects\Zig\Blitzkrieg\Sources\src\zlib\Release\Lib-link.write.1.tlog
C:\USERS\JMFRA\PROJECTS\ZIG\BLITZKRIEG\SOURCES\SRC\ZLIB\RELEASE\MINIGZIP.OBJ
C:\USERS\JMFRA\PROJECTS\ZIG\BLITZKRIEG\SOURCES\SRC\ZLIB\RELEASE\TREES.OBJ
C:\USERS\JMFRA\PROJECTS\ZIG\BLITZKRIEG\SOURCES\SRC\ZLIB\RELEASE\UNCOMPR.OBJ
C:\USERS\JMFRA\PROJECTS\ZIG\BLITZKRIEG\SOURCES\SRC\ZLIB\RELEASE\VC100.PDB
C:\USERS\JMFRA\PROJECTS\ZIG\BLITZKRIEG\SOURCES\SRC\ZLIB\RELEASE\ZLIB.LIB
C:\USERS\JMFRA\PROJECTS\ZIG\BLITZKRIEG\SOURCES\SRC\ZLIB\RELEASE\ZUTIL.OBJ
