c:\users\jmfra\projects\zig\blitzkrieg\sources\src\gamespy\release\peermangle.obj
c:\users\jmfra\projects\zig\blitzkrieg\sources\src\gamespy\release\peermain.obj
c:\users\jmfra\projects\zig\blitzkrieg\sources\src\gamespy\release\peerkeys.obj
c:\users\jmfra\projects\zig\blitzkrieg\sources\src\gamespy\release\peerglobalcallbacks.obj
c:\users\jmfra\projects\zig\blitzkrieg\sources\src\gamespy\release\peercengine.obj
c:\users\jmfra\projects\zig\blitzkrieg\sources\src\gamespy\release\peercallbacks.obj
c:\users\jmfra\projects\zig\blitzkrieg\sources\src\gamespy\release\nonport.obj
c:\users\jmfra\projects\zig\blitzkrieg\sources\src\gamespy\release\md5c.obj
c:\users\jmfra\projects\zig\blitzkrieg\sources\src\gamespy\release\hashtable.obj
c:\users\jmfra\projects\zig\blitzkrieg\sources\src\gamespy\release\gutil.obj
c:\users\jmfra\projects\zig\blitzkrieg\sources\src\gamespy\release\gserverlist.obj
c:\users\jmfra\projects\zig\blitzkrieg\sources\src\gamespy\release\gserver.obj
c:\users\jmfra\projects\zig\blitzkrieg\sources\src\gamespy\release\gqueryreporting.obj
c:\users\jmfra\projects\zig\blitzkrieg\sources\src\gamespy\release\darray.obj
c:\users\jmfra\projects\zig\blitzkrieg\sources\src\gamespy\release\chatsocket.obj
c:\users\jmfra\projects\zig\blitzkrieg\sources\src\gamespy\release\chatmain.obj
c:\users\jmfra\projects\zig\blitzkrieg\sources\src\gamespy\release\chathandlers.obj
c:\users\jmfra\projects\zig\blitzkrieg\sources\src\gamespy\release\chatcrypt.obj
c:\users\jmfra\projects\zig\blitzkrieg\sources\src\gamespy\release\chatchannel.obj
c:\users\jmfra\projects\zig\blitzkrieg\sources\src\gamespy\release\chatcallbacks.obj
c:\users\jmfra\projects\zig\blitzkrieg\sources\src\gamespy\release\pingermain.obj
c:\users\jmfra\projects\zig\blitzkrieg\sources\src\gamespy\release\peerrooms.obj
c:\users\jmfra\projects\zig\blitzkrieg\sources\src\gamespy\release\peerplayers.obj
c:\users\jmfra\projects\zig\blitzkrieg\sources\src\gamespy\release\peerping.obj
c:\users\jmfra\projects\zig\blitzkrieg\sources\src\gamespy\release\peeroperations.obj
c:\users\jmfra\projects\zig\blitzkrieg\sources\src\gamespy\release\vc100.pdb
c:\users\jmfra\projects\zig\blitzkrieg\sources\src\gamespy\release\gamespy.lib
c:\users\jmfrank\source\repos\jmfrank63\blitzkrieg\sources\src\gamespy\release\gamespy.pdb
c:\users\jmfrank\source\repos\jmfrank63\blitzkrieg\sources\src\gamespy\release\peermangle.obj
c:\users\jmfrank\source\repos\jmfrank63\blitzkrieg\sources\src\gamespy\release\peermain.obj
c:\users\jmfrank\source\repos\jmfrank63\blitzkrieg\sources\src\gamespy\release\peerkeys.obj
c:\users\jmfrank\source\repos\jmfrank63\blitzkrieg\sources\src\gamespy\release\peerglobalcallbacks.obj
c:\users\jmfrank\source\repos\jmfrank63\blitzkrieg\sources\src\gamespy\release\peercengine.obj
c:\users\jmfrank\source\repos\jmfrank63\blitzkrieg\sources\src\gamespy\release\peercallbacks.obj
c:\users\jmfrank\source\repos\jmfrank63\blitzkrieg\sources\src\gamespy\release\nonport.obj
c:\users\jmfrank\source\repos\jmfrank63\blitzkrieg\sources\src\gamespy\release\md5c.obj
c:\users\jmfrank\source\repos\jmfrank63\blitzkrieg\sources\src\gamespy\release\hashtable.obj
c:\users\jmfrank\source\repos\jmfrank63\blitzkrieg\sources\src\gamespy\release\gutil.obj
c:\users\jmfrank\source\repos\jmfrank63\blitzkrieg\sources\src\gamespy\release\gserverlist.obj
c:\users\jmfrank\source\repos\jmfrank63\blitzkrieg\sources\src\gamespy\release\gserver.obj
c:\users\jmfrank\source\repos\jmfrank63\blitzkrieg\sources\src\gamespy\release\gqueryreporting.obj
c:\users\jmfrank\source\repos\jmfrank63\blitzkrieg\sources\src\gamespy\release\darray.obj
c:\users\jmfrank\source\repos\jmfrank63\blitzkrieg\sources\src\gamespy\release\chatsocket.obj
c:\users\jmfrank\source\repos\jmfrank63\blitzkrieg\sources\src\gamespy\release\chatmain.obj
c:\users\jmfrank\source\repos\jmfrank63\blitzkrieg\sources\src\gamespy\release\chathandlers.obj
c:\users\jmfrank\source\repos\jmfrank63\blitzkrieg\sources\src\gamespy\release\chatcrypt.obj
c:\users\jmfrank\source\repos\jmfrank63\blitzkrieg\sources\src\gamespy\release\chatchannel.obj
c:\users\jmfrank\source\repos\jmfrank63\blitzkrieg\sources\src\gamespy\release\chatcallbacks.obj
c:\users\jmfrank\source\repos\jmfrank63\blitzkrieg\sources\src\gamespy\release\pingermain.obj
c:\users\jmfrank\source\repos\jmfrank63\blitzkrieg\sources\src\gamespy\release\peerrooms.obj
c:\users\jmfrank\source\repos\jmfrank63\blitzkrieg\sources\src\gamespy\release\peerplayers.obj
c:\users\jmfrank\source\repos\jmfrank63\blitzkrieg\sources\src\gamespy\release\peerping.obj
c:\users\jmfrank\source\repos\jmfrank63\blitzkrieg\sources\src\gamespy\release\peeroperations.obj
c:\users\jmfrank\source\repos\jmfrank63\blitzkrieg\sources\src\gamespy\release\gamespy.lib
c:\users\jmfrank\source\repos\jmfrank63\blitzkrieg\sources\src\gamespy\release\cl.command.1.tlog
c:\users\jmfrank\source\repos\jmfrank63\blitzkrieg\sources\src\gamespy\release\cl.read.1.tlog
c:\users\jmfrank\source\repos\jmfrank63\blitzkrieg\sources\src\gamespy\release\cl.write.1.tlog
c:\users\jmfrank\source\repos\jmfrank63\blitzkrieg\sources\src\gamespy\release\lib-link.read.1.tlog
c:\users\jmfrank\source\repos\jmfrank63\blitzkrieg\sources\src\gamespy\release\lib-link.write.1.tlog
c:\users\jmfrank\source\repos\jmfrank63\blitzkrieg\sources\src\gamespy\release\lib.command.1.tlog
c:\users\jmfrank\source\repos\jmfrank63\blitzkrieg\sources\src\gamespy\release\vc100.pdb
c:\users\jmfrank\source\repos\jmfrank63\blitzkrieg\sources\src\gamespy\release\gamespy.tlog\cl.command.1.tlog
c:\users\jmfrank\source\repos\jmfrank63\blitzkrieg\sources\src\gamespy\release\gamespy.tlog\cl.items.tlog
c:\users\jmfrank\source\repos\jmfrank63\blitzkrieg\sources\src\gamespy\release\gamespy.tlog\cl.read.1.tlog
c:\users\jmfrank\source\repos\jmfrank63\blitzkrieg\sources\src\gamespy\release\gamespy.tlog\cl.write.1.tlog
c:\users\jmfrank\source\repos\jmfrank63\blitzkrieg\sources\src\gamespy\release\gamespy.tlog\lib-link.write.1.tlog
c:\users\jmfrank\source\repos\jmfrank63\blitzkrieg\sources\src\gamespy\release\gamespy.tlog\lib.command.1.tlog
c:\users\jmfrank\source\repos\jmfrank63\blitzkrieg\sources\src\gamespy\release\gamespy.tlog\lib.read.1.tlog
