c:\users\jmfrank\source\repos\jmfrank63\blitzkrieg\sources\src\bugslay\release\bugslay.pch
c:\users\jmfrank\source\repos\jmfrank63\blitzkrieg\sources\src\bugslay\release\vc145.pdb
c:\users\jmfrank\source\repos\jmfrank63\blitzkrieg\sources\src\bugslay\release\stdafx.obj
c:\users\jmfrank\source\repos\jmfrank63\blitzkrieg\sources\src\bugslay\release\memorysystem.obj
c:\users\jmfrank\source\repos\jmfrank63\blitzkrieg\sources\src\bugslay\release\dumbpow2alloc.obj
c:\users\jmfrank\source\repos\jmfrank63\blitzkrieg\sources\src\bugslay\release\reportexceptiondlg.obj
c:\users\jmfrank\source\repos\jmfrank63\blitzkrieg\sources\src\bugslay\release\reportassertiondlg.obj
c:\users\jmfrank\source\repos\jmfrank63\blitzkrieg\sources\src\bugslay\release\dialogmemory.obj
c:\users\jmfrank\source\repos\jmfrank63\blitzkrieg\sources\src\bugslay\release\dialogfunctions.obj
c:\users\jmfrank\source\repos\jmfrank63\blitzkrieg\sources\src\bugslay\release\tlhelpprocessinfo.obj
c:\users\jmfrank\source\repos\jmfrank63\blitzkrieg\sources\src\bugslay\release\stldebugterminate.obj
c:\users\jmfrank\source\repos\jmfrank63\blitzkrieg\sources\src\bugslay\release\nt4processinfo.obj
c:\users\jmfrank\source\repos\jmfrank63\blitzkrieg\sources\src\bugslay\release\notification.obj
c:\users\jmfrank\source\repos\jmfrank63\blitzkrieg\sources\src\bugslay\release\memdumpervalidator.obj
c:\users\jmfrank\source\repos\jmfrank63\blitzkrieg\sources\src\bugslay\release\isnt.obj
c:\users\jmfrank\source\repos\jmfrank63\blitzkrieg\sources\src\bugslay\release\hookimportedfunctionbyname.obj
c:\users\jmfrank\source\repos\jmfrank63\blitzkrieg\sources\src\bugslay\release\getloadedmodules.obj
c:\users\jmfrank\source\repos\jmfrank63\blitzkrieg\sources\src\bugslay\release\diagassert.obj
c:\users\jmfrank\source\repos\jmfrank63\blitzkrieg\sources\src\bugslay\release\crashhandler.obj
c:\users\jmfrank\source\repos\jmfrank63\blitzkrieg\sources\src\bugslay\release\callstack.obj
c:\users\jmfrank\source\repos\jmfrank63\blitzkrieg\sources\src\bugslay\release\bugslayer.obj
c:\users\jmfrank\source\repos\jmfrank63\blitzkrieg\sources\src\bugslay\release\bsufunctions.obj
c:\users\jmfrank\source\repos\jmfrank63\blitzkrieg\sources\src\bugslay\release\allocandfillprocessmodulelist.obj
c:\users\jmfrank\source\repos\jmfrank63\blitzkrieg\sources\src\bugslay\release\bugslay.dll
c:\users\jmfrank\source\repos\jmfrank63\blitzkrieg\sources\src\bugslay\release\bugslayer.res
c:\users\jmfrank\source\repos\jmfrank63\blitzkrieg\sources\src\bugslay\release\bugslay.lib
c:\users\jmfrank\source\repos\jmfrank63\blitzkrieg\sources\src\bugslay\release\bugslay.exp
c:\users\jmfrank\source\repos\jmfrank63\blitzkrieg\sources\src\bugslay\release\bugslay.tlog\cl.command.1.tlog
c:\users\jmfrank\source\repos\jmfrank63\blitzkrieg\sources\src\bugslay\release\bugslay.tlog\cl.items.tlog
c:\users\jmfrank\source\repos\jmfrank63\blitzkrieg\sources\src\bugslay\release\bugslay.tlog\cl.read.1.tlog
c:\users\jmfrank\source\repos\jmfrank63\blitzkrieg\sources\src\bugslay\release\bugslay.tlog\cl.write.1.tlog
c:\users\jmfrank\source\repos\jmfrank63\blitzkrieg\sources\src\bugslay\release\bugslay.tlog\link.command.1.tlog
c:\users\jmfrank\source\repos\jmfrank63\blitzkrieg\sources\src\bugslay\release\bugslay.tlog\link.read.1.tlog
c:\users\jmfrank\source\repos\jmfrank63\blitzkrieg\sources\src\bugslay\release\bugslay.tlog\link.secondary.1.tlog
c:\users\jmfrank\source\repos\jmfrank63\blitzkrieg\sources\src\bugslay\release\bugslay.tlog\link.write.1.tlog
c:\users\jmfrank\source\repos\jmfrank63\blitzkrieg\sources\src\bugslay\release\bugslay.tlog\rc.command.1.tlog
c:\users\jmfrank\source\repos\jmfrank63\blitzkrieg\sources\src\bugslay\release\bugslay.tlog\rc.read.1.tlog
c:\users\jmfrank\source\repos\jmfrank63\blitzkrieg\sources\src\bugslay\release\bugslay.tlog\rc.write.1.tlog
