c:\users\jmfrank\source\repos\jmfrank63\blitzkrieg\sources\src\randommapgen\release\randommapgen.pch
c:\users\jmfrank\source\repos\jmfrank63\blitzkrieg\sources\src\randommapgen\release\randommapgen.pdb
c:\users\jmfrank\source\repos\jmfrank63\blitzkrieg\sources\src\randommapgen\release\stdafx.obj
c:\users\jmfrank\source\repos\jmfrank63\blitzkrieg\sources\src\randommapgen\release\resource_functions.obj
c:\users\jmfrank\source\repos\jmfrank63\blitzkrieg\sources\src\randommapgen\release\registry_sources.obj
c:\users\jmfrank\source\repos\jmfrank63\blitzkrieg\sources\src\randommapgen\release\rp_methods.obj
c:\users\jmfrank\source\repos\jmfrank63\blitzkrieg\sources\src\randommapgen\release\rmg_staticmethods.obj
c:\users\jmfrank\source\repos\jmfrank63\blitzkrieg\sources\src\randommapgen\release\rmg_methods.obj
c:\users\jmfrank\source\repos\jmfrank63\blitzkrieg\sources\src\randommapgen\release\rmg_consts.obj
c:\users\jmfrank\source\repos\jmfrank63\blitzkrieg\sources\src\randommapgen\release\polygons_methods.obj
c:\users\jmfrank\source\repos\jmfrank63\blitzkrieg\sources\src\randommapgen\release\pnoise.obj
c:\users\jmfrank\source\repos\jmfrank63\blitzkrieg\sources\src\randommapgen\release\minimap_methods.obj
c:\users\jmfrank\source\repos\jmfrank63\blitzkrieg\sources\src\randommapgen\release\mapinfo_staticmethods_soundscreation.obj
c:\users\jmfrank\source\repos\jmfrank63\blitzkrieg\sources\src\randommapgen\release\mapinfo_staticmethods_rmgeneration.obj
c:\users\jmfrank\source\repos\jmfrank63\blitzkrieg\sources\src\randommapgen\release\mapinfo_staticmethods_minimapcreation.obj
c:\users\jmfrank\source\repos\jmfrank63\blitzkrieg\sources\src\randommapgen\release\mapinfo_staticmethods.obj
c:\users\jmfrank\source\repos\jmfrank63\blitzkrieg\sources\src\randommapgen\release\mapinfo_methods.obj
c:\users\jmfrank\source\repos\jmfrank63\blitzkrieg\sources\src\randommapgen\release\mapinfo_consts.obj
c:\users\jmfrank\source\repos\jmfrank63\blitzkrieg\sources\src\randommapgen\release\mapinfo_checksums.obj
c:\users\jmfrank\source\repos\jmfrank63\blitzkrieg\sources\src\randommapgen\release\la_methods.obj
c:\users\jmfrank\source\repos\jmfrank63\blitzkrieg\sources\src\randommapgen\release\ib_staticmethods.obj
c:\users\jmfrank\source\repos\jmfrank63\blitzkrieg\sources\src\randommapgen\release\ib_methods.obj
c:\users\jmfrank\source\repos\jmfrank63\blitzkrieg\sources\src\randommapgen\release\betaspline.obj
c:\users\jmfrank\source\repos\jmfrank63\blitzkrieg\sources\src\randommapgen\release\vso_staticmethods.obj
c:\users\jmfrank\source\repos\jmfrank63\blitzkrieg\sources\src\randommapgen\release\vso_methods.obj
c:\users\jmfrank\source\repos\jmfrank63\blitzkrieg\sources\src\randommapgen\release\va_staticmethods.obj
c:\users\jmfrank\source\repos\jmfrank63\blitzkrieg\sources\src\randommapgen\release\va_methods.obj
c:\users\jmfrank\source\repos\jmfrank63\blitzkrieg\sources\src\randommapgen\release\terraingenerator.obj
c:\users\jmfrank\source\repos\jmfrank63\blitzkrieg\sources\src\randommapgen\release\terrainbuilder.obj
c:\users\jmfrank\source\repos\jmfrank63\blitzkrieg\sources\src\randommapgen\release\resource_staticmethods.obj
c:\users\jmfrank\source\repos\jmfrank63\blitzkrieg\sources\src\randommapgen\release\resource_methods.obj
c:\users\jmfrank\source\repos\jmfrank63\blitzkrieg\sources\src\randommapgen\release\randommapgen.lib
c:\users\jmfrank\source\repos\jmfrank63\blitzkrieg\sources\src\randommapgen\release\randommapgen.tlog\cl.command.1.tlog
c:\users\jmfrank\source\repos\jmfrank63\blitzkrieg\sources\src\randommapgen\release\randommapgen.tlog\cl.items.tlog
c:\users\jmfrank\source\repos\jmfrank63\blitzkrieg\sources\src\randommapgen\release\randommapgen.tlog\cl.read.1.tlog
c:\users\jmfrank\source\repos\jmfrank63\blitzkrieg\sources\src\randommapgen\release\randommapgen.tlog\cl.write.1.tlog
c:\users\jmfrank\source\repos\jmfrank63\blitzkrieg\sources\src\randommapgen\release\randommapgen.tlog\lib-link.write.1.tlog
c:\users\jmfrank\source\repos\jmfrank63\blitzkrieg\sources\src\randommapgen\release\randommapgen.tlog\lib.command.1.tlog
c:\users\jmfrank\source\repos\jmfrank63\blitzkrieg\sources\src\randommapgen\release\randommapgen.tlog\lib.read.1.tlog
