  StdAfx.cpp
  BetaSpline.cpp
  IB_Methods.cpp
  IB_StaticMethods.cpp
  LA_Methods.cpp
  MapInfo_CheckSums.cpp
  MapInfo_Consts.cpp
  MapInfo_Methods.cpp
  MapInfo_StaticMethods.cpp
  MapInfo_StaticMethods_MiniMapCreation.cpp
  MapInfo_StaticMethods_RMGeneration.cpp
  MapInfo_StaticMethods_SoundsCreation.cpp
  MiniMap_Methods.cpp
  PNoise.cpp
  Polygons_Methods.cpp
  RMG_Consts.cpp
  RMG_Methods.cpp
C:\Users\jmfrank\source\repos\jmfrank63\Blitzkrieg\Sources\src\RandomMapGen\RMG_Methods.cpp(1323,1): warning C4002: too many arguments for function-like macro invocation 'NI_ASSERT_T'
  (compiling source file '/RMG_Methods.cpp')
  
  RMG_StaticMethods.cpp
  RP_Methods.cpp
  Registry_Sources.cpp
  Resource_Functions.cpp
  Generating Code...
  Compiling...
  Resource_Methods.cpp
  Resource_StaticMethods.cpp
  TerrainBuilder.cpp
  TerrainGenerator.cpp
  VA_Methods.cpp
  VA_StaticMethods.cpp
  VSO_Methods.cpp
  VSO_StaticMethods.cpp
  Generating Code...
  RandomMapGen.vcxproj -> C:\Users\jmfrank\source\repos\jmfrank63\Blitzkrieg\Sources\src\RandomMapGen\Release\RandomMapGen.lib
