c:\users\jmfra\projects\zig\blitzkrieg\sources\src\misc\release\misc.pch
c:\users\jmfra\projects\zig\blitzkrieg\sources\src\misc\release\stdafx.obj
c:\users\jmfra\projects\zig\blitzkrieg\sources\src\misc\release\vc100.pdb
c:\users\jmfra\projects\zig\blitzkrieg\sources\src\misc\release\thread.obj
c:\users\jmfra\projects\zig\blitzkrieg\sources\src\misc\release\memorysystem.obj
c:\users\jmfra\projects\zig\blitzkrieg\sources\src\misc\release\manipulator.obj
c:\users\jmfra\projects\zig\blitzkrieg\sources\src\misc\release\basicobjectfactory.obj
c:\users\jmfra\projects\zig\blitzkrieg\sources\src\misc\release\win32random.obj
c:\users\jmfra\projects\zig\blitzkrieg\sources\src\misc\release\hptimer.obj
c:\users\jmfra\projects\zig\blitzkrieg\sources\src\misc\release\grect.obj
c:\users\jmfra\projects\zig\blitzkrieg\sources\src\misc\release\freeids.obj
c:\users\jmfra\projects\zig\blitzkrieg\sources\src\misc\release\fileutils.obj
c:\users\jmfrank\source\repos\jmfrank63\blitzkrieg\sources\src\misc\release\basicobjectfactory.obj
c:\users\jmfrank\source\repos\jmfrank63\blitzkrieg\sources\src\misc\release\fileutils.obj
c:\users\jmfrank\source\repos\jmfrank63\blitzkrieg\sources\src\misc\release\freeids.obj
c:\users\jmfrank\source\repos\jmfrank63\blitzkrieg\sources\src\misc\release\grect.obj
c:\users\jmfrank\source\repos\jmfrank63\blitzkrieg\sources\src\misc\release\hptimer.obj
c:\users\jmfrank\source\repos\jmfrank63\blitzkrieg\sources\src\misc\release\manipulator.obj
c:\users\jmfrank\source\repos\jmfrank63\blitzkrieg\sources\src\misc\release\memorysystem.obj
c:\users\jmfrank\source\repos\jmfrank63\blitzkrieg\sources\src\misc\release\stdafx.obj
c:\users\jmfrank\source\repos\jmfrank63\blitzkrieg\sources\src\misc\release\thread.obj
c:\users\jmfrank\source\repos\jmfrank63\blitzkrieg\sources\src\misc\release\win32random.obj
c:\users\jmfrank\source\repos\jmfrank63\blitzkrieg\sources\src\misc\release\cl.command.1.tlog
c:\users\jmfrank\source\repos\jmfrank63\blitzkrieg\sources\src\misc\release\cl.read.1.tlog
c:\users\jmfrank\source\repos\jmfrank63\blitzkrieg\sources\src\misc\release\cl.write.1.tlog
c:\users\jmfrank\source\repos\jmfrank63\blitzkrieg\sources\src\misc\release\misc.pdb
c:\users\jmfrank\source\repos\jmfrank63\blitzkrieg\sources\src\misc\release\vc100.pdb
c:\users\jmfrank\source\repos\jmfrank63\blitzkrieg\sources\src\misc\release\misc.tlog\cl.command.1.tlog
