c:\users\jmfrank\source\repos\jmfrank63\blitzkrieg\sources\src\misc\debug\misc.pch
c:\users\jmfrank\source\repos\jmfrank63\blitzkrieg\sources\src\misc\debug\misc.pdb
c:\users\jmfrank\source\repos\jmfrank63\blitzkrieg\sources\src\misc\debug\misc.idb
c:\users\jmfrank\source\repos\jmfrank63\blitzkrieg\sources\src\misc\debug\stdafx.obj
c:\users\jmfrank\source\repos\jmfrank63\blitzkrieg\sources\src\misc\debug\fileutils.obj
c:\users\jmfrank\source\repos\jmfrank63\blitzkrieg\sources\src\misc\debug\freeids.obj
c:\users\jmfrank\source\repos\jmfrank63\blitzkrieg\sources\src\misc\debug\grect.obj
c:\users\jmfrank\source\repos\jmfrank63\blitzkrieg\sources\src\misc\debug\hptimer.obj
c:\users\jmfrank\source\repos\jmfrank63\blitzkrieg\sources\src\misc\debug\spline.obj
c:\users\jmfrank\source\repos\jmfrank63\blitzkrieg\sources\src\misc\debug\strproc.obj
c:\users\jmfrank\source\repos\jmfrank63\blitzkrieg\sources\src\misc\debug\win32random.obj
c:\users\jmfrank\source\repos\jmfrank63\blitzkrieg\sources\src\misc\debug\basicobjectfactory.obj
c:\users\jmfrank\source\repos\jmfrank63\blitzkrieg\sources\src\misc\debug\manipulator.obj
c:\users\jmfrank\source\repos\jmfrank63\blitzkrieg\sources\src\misc\debug\memorysystem.obj
c:\users\jmfrank\source\repos\jmfrank63\blitzkrieg\sources\src\misc\debug\thread.obj
c:\users\jmfrank\source\repos\jmfrank63\blitzkrieg\sources\src\misc\debug\misc.lib
c:\users\jmfrank\source\repos\jmfrank63\blitzkrieg\sources\src\misc\debug\misc.tlog\cl.command.1.tlog
c:\users\jmfrank\source\repos\jmfrank63\blitzkrieg\sources\src\misc\debug\misc.tlog\cl.items.tlog
c:\users\jmfrank\source\repos\jmfrank63\blitzkrieg\sources\src\misc\debug\misc.tlog\cl.read.1.tlog
c:\users\jmfrank\source\repos\jmfrank63\blitzkrieg\sources\src\misc\debug\misc.tlog\cl.write.1.tlog
c:\users\jmfrank\source\repos\jmfrank63\blitzkrieg\sources\src\misc\debug\misc.tlog\lib-link.write.1.tlog
c:\users\jmfrank\source\repos\jmfrank63\blitzkrieg\sources\src\misc\debug\misc.tlog\lib.command.1.tlog
c:\users\jmfrank\source\repos\jmfrank63\blitzkrieg\sources\src\misc\debug\misc.tlog\lib.read.1.tlog
