c:\users\jmfrank\source\repos\jmfrank63\blitzkrieg\sources\src\streamiolib\debug\streamiolib.pch
c:\users\jmfrank\source\repos\jmfrank63\blitzkrieg\sources\src\streamiolib\debug\streamiolib.pdb
c:\users\jmfrank\source\repos\jmfrank63\blitzkrieg\sources\src\streamiolib\debug\streamiolib.idb
c:\users\jmfrank\source\repos\jmfrank63\blitzkrieg\sources\src\streamiolib\debug\stdafx.obj
c:\users\jmfrank\source\repos\jmfrank63\blitzkrieg\sources\src\streamiolib\debug\zipfile.obj
c:\users\jmfrank\source\repos\jmfrank63\blitzkrieg\sources\src\streamiolib\debug\zipfilesystem.obj
c:\users\jmfrank\source\repos\jmfrank63\blitzkrieg\sources\src\streamiolib\debug\commonfilesystem.obj
c:\users\jmfrank\source\repos\jmfrank63\blitzkrieg\sources\src\streamiolib\debug\filesystem.obj
c:\users\jmfrank\source\repos\jmfrank63\blitzkrieg\sources\src\streamiolib\debug\getsls.obj
c:\users\jmfrank\source\repos\jmfrank63\blitzkrieg\sources\src\streamiolib\debug\memfilesystem.obj
c:\users\jmfrank\source\repos\jmfrank63\blitzkrieg\sources\src\streamiolib\debug\modfilesystem.obj
c:\users\jmfrank\source\repos\jmfrank63\blitzkrieg\sources\src\streamiolib\debug\database.obj
c:\users\jmfrank\source\repos\jmfrank63\blitzkrieg\sources\src\streamiolib\debug\inifile.obj
c:\users\jmfrank\source\repos\jmfrank63\blitzkrieg\sources\src\streamiolib\debug\streams.obj
c:\users\jmfrank\source\repos\jmfrank63\blitzkrieg\sources\src\streamiolib\debug\saveloadsystem.obj
c:\users\jmfrank\source\repos\jmfrank63\blitzkrieg\sources\src\streamiolib\debug\datatablexml.obj
c:\users\jmfrank\source\repos\jmfrank63\blitzkrieg\sources\src\streamiolib\debug\datatreexml.obj
c:\users\jmfrank\source\repos\jmfrank63\blitzkrieg\sources\src\streamiolib\debug\singleton.obj
c:\users\jmfrank\source\repos\jmfrank63\blitzkrieg\sources\src\streamiolib\debug\msxml3.tli
c:\users\jmfrank\source\repos\jmfrank63\blitzkrieg\sources\src\streamiolib\debug\msxml3.tlh
c:\users\jmfrank\source\repos\jmfrank63\blitzkrieg\sources\src\streamiolib\debug\streamiolib.tlog\cl.command.1.tlog
c:\users\jmfrank\source\repos\jmfrank63\blitzkrieg\sources\src\streamiolib\debug\streamiolib.tlog\cl.read.1.tlog
c:\users\jmfrank\source\repos\jmfrank63\blitzkrieg\sources\src\streamiolib\debug\streamiolib.tlog\cl.write.1.tlog
