c:\users\jmfrank\source\repos\jmfrank63\blitzkrieg\sources\src\streamio\debug\streamio.pch
c:\users\jmfrank\source\repos\jmfrank63\blitzkrieg\sources\src\streamio\debug\vc145.pdb
c:\users\jmfrank\source\repos\jmfrank63\blitzkrieg\sources\src\streamio\debug\vc145.idb
c:\users\jmfrank\source\repos\jmfrank63\blitzkrieg\sources\src\streamio\debug\stdafx.obj
c:\users\jmfrank\source\repos\jmfrank63\blitzkrieg\sources\src\streamio\debug\globalsloader.obj
c:\users\jmfrank\source\repos\jmfrank63\blitzkrieg\sources\src\streamio\debug\zipfile.obj
c:\users\jmfrank\source\repos\jmfrank63\blitzkrieg\sources\src\streamio\debug\zipfilesystem.obj
c:\users\jmfrank\source\repos\jmfrank63\blitzkrieg\sources\src\streamio\debug\commonfilesystem.obj
c:\users\jmfrank\source\repos\jmfrank63\blitzkrieg\sources\src\streamio\debug\filesystem.obj
c:\users\jmfrank\source\repos\jmfrank63\blitzkrieg\sources\src\streamio\debug\memfilesystem.obj
c:\users\jmfrank\source\repos\jmfrank63\blitzkrieg\sources\src\streamio\debug\modfilesystem.obj
c:\users\jmfrank\source\repos\jmfrank63\blitzkrieg\sources\src\streamio\debug\saveloadsystem.obj
c:\users\jmfrank\source\repos\jmfrank63\blitzkrieg\sources\src\streamio\debug\database.obj
c:\users\jmfrank\source\repos\jmfrank63\blitzkrieg\sources\src\streamio\debug\inifile.obj
c:\users\jmfrank\source\repos\jmfrank63\blitzkrieg\sources\src\streamio\debug\datatablexml.obj
c:\users\jmfrank\source\repos\jmfrank63\blitzkrieg\sources\src\streamio\debug\streams.obj
c:\users\jmfrank\source\repos\jmfrank63\blitzkrieg\sources\src\streamio\debug\structuresaver2.obj
c:\users\jmfrank\source\repos\jmfrank63\blitzkrieg\sources\src\streamio\debug\datatreexml.obj
c:\users\jmfrank\source\repos\jmfrank63\blitzkrieg\sources\src\streamio\debug\consolebuffer.obj
c:\users\jmfrank\source\repos\jmfrank63\blitzkrieg\sources\src\streamio\debug\globalvarsinternal.obj
c:\users\jmfrank\source\repos\jmfrank63\blitzkrieg\sources\src\streamio\debug\singleton.obj
c:\users\jmfrank\source\repos\jmfrank63\blitzkrieg\sources\src\streamio\debug\randomgeninternal.obj
c:\users\jmfrank\source\repos\jmfrank63\blitzkrieg\sources\src\streamio\debug\optionsysteminternal.obj
c:\users\jmfrank\source\repos\jmfrank63\blitzkrieg\sources\src\streamio\debug\streamioobjectfactory.obj
c:\users\jmfrank\source\repos\jmfrank63\blitzkrieg\sources\src\streamio\debug\streamio.res
c:\users\jmfrank\source\repos\jmfrank63\blitzkrieg\sources\src\streamio\debug\msxml3.tli
c:\users\jmfrank\source\repos\jmfrank63\blitzkrieg\sources\src\streamio\debug\msxml3.tlh
c:\users\jmfrank\source\repos\jmfrank63\blitzkrieg\sources\src\streamio\debug\streamio.exp
c:\users\jmfrank\source\repos\jmfrank63\blitzkrieg\sources\src\streamio\debug\streamio.pdb
c:\users\jmfrank\source\repos\jmfrank63\blitzkrieg\sources\src\streamio\debug\streamio.tlog\cl.command.1.tlog
c:\users\jmfrank\source\repos\jmfrank63\blitzkrieg\sources\src\streamio\debug\streamio.tlog\cl.read.1.tlog
c:\users\jmfrank\source\repos\jmfrank63\blitzkrieg\sources\src\streamio\debug\streamio.tlog\cl.write.1.tlog
c:\users\jmfrank\source\repos\jmfrank63\blitzkrieg\sources\src\streamio\debug\streamio.tlog\link-cvtres.read.1.tlog
c:\users\jmfrank\source\repos\jmfrank63\blitzkrieg\sources\src\streamio\debug\streamio.tlog\link-cvtres.write.1.tlog
c:\users\jmfrank\source\repos\jmfrank63\blitzkrieg\sources\src\streamio\debug\streamio.tlog\link-rc.read.1.tlog
c:\users\jmfrank\source\repos\jmfrank63\blitzkrieg\sources\src\streamio\debug\streamio.tlog\link-rc.write.1.tlog
c:\users\jmfrank\source\repos\jmfrank63\blitzkrieg\sources\src\streamio\debug\streamio.tlog\link.command.1.tlog
c:\users\jmfrank\source\repos\jmfrank63\blitzkrieg\sources\src\streamio\debug\streamio.tlog\link.read.1.tlog
c:\users\jmfrank\source\repos\jmfrank63\blitzkrieg\sources\src\streamio\debug\streamio.tlog\link.write.1.tlog
c:\users\jmfrank\source\repos\jmfrank63\blitzkrieg\sources\src\streamio\debug\streamio.tlog\rc.command.1.tlog
c:\users\jmfrank\source\repos\jmfrank63\blitzkrieg\sources\src\streamio\debug\streamio.tlog\rc.read.1.tlog
c:\users\jmfrank\source\repos\jmfrank63\blitzkrieg\sources\src\streamio\debug\streamio.tlog\rc.write.1.tlog
