  StdAfx.cpp
  GlobalsLoader.cpp
  main.cpp
C:\Users\jmfra\Projects\Zig\Blitzkrieg\Sources\src\Game\main.cpp(532,29): warning C4834: discarding return value of function with [[nodiscard]] attribute
  (compiling source file '/main.cpp')
  
C:\Users\jmfra\Projects\Zig\Blitzkrieg\Sources\src\Game\main.cpp(678,4): error C2665: 'SetGlobalVar': no overloaded function could convert all the argument types
  (compiling source file '/main.cpp')
      C:\Users\jmfra\Projects\Zig\Blitzkrieg\Sources\src\StreamIO\Globals.h(82,13):
      could be 'void SetGlobalVar(const char *,const WORD *)'
          C:\Users\jmfra\Projects\Zig\Blitzkrieg\Sources\src\Game\main.cpp(678,4):
          'void SetGlobalVar(const char *,const WORD *)': cannot convert argument 2 from 'const _Elem *' to 'const WORD *'
          with
          [
              _Elem=wchar_t
          ]
              C:\Users\jmfra\Projects\Zig\Blitzkrieg\Sources\src\Game\main.cpp(678,90):
              Types pointed to are unrelated; conversion requires reinterpret_cast, C-style cast or parenthesized function-style cast
      C:\Users\jmfra\Projects\Zig\Blitzkrieg\Sources\src\StreamIO\Globals.h(78,13):
      or       'void SetGlobalVar(const char *,unsigned long)'
          C:\Users\jmfra\Projects\Zig\Blitzkrieg\Sources\src\Game\main.cpp(678,4):
          'void SetGlobalVar(const char *,unsigned long)': cannot convert argument 2 from 'const _Elem *' to 'unsigned long'
          with
          [
              _Elem=wchar_t
          ]
              C:\Users\jmfra\Projects\Zig\Blitzkrieg\Sources\src\Game\main.cpp(678,90):
              There is no context in which this conversion is possible
      C:\Users\jmfra\Projects\Zig\Blitzkrieg\Sources\src\StreamIO\Globals.h(77,13):
      or       'void SetGlobalVar(const char *,float)'
          C:\Users\jmfra\Projects\Zig\Blitzkrieg\Sources\src\Game\main.cpp(678,4):
          'void SetGlobalVar(const char *,float)': cannot convert argument 2 from 'const _Elem *' to 'float'
          with
          [
              _Elem=wchar_t
          ]
              C:\Users\jmfra\Projects\Zig\Blitzkrieg\Sources\src\Game\main.cpp(678,90):
              There is no context in which this conversion is possible
      C:\Users\jmfra\Projects\Zig\Blitzkrieg\Sources\src\StreamIO\Globals.h(76,13):
      or       'void SetGlobalVar(const char *,int)'
          C:\Users\jmfra\Projects\Zig\Blitzkrieg\Sources\src\Game\main.cpp(678,4):
          'void SetGlobalVar(const char *,int)': cannot convert argument 2 from 'const _Elem *' to 'int'
          with
          [
              _Elem=wchar_t
          ]
              C:\Users\jmfra\Projects\Zig\Blitzkrieg\Sources\src\Game\main.cpp(678,90):
              There is no context in which this conversion is possible
      C:\Users\jmfra\Projects\Zig\Blitzkrieg\Sources\src\StreamIO\Globals.h(75,13):
      or       'void SetGlobalVar(const char *,const char *)'
          C:\Users\jmfra\Projects\Zig\Blitzkrieg\Sources\src\Game\main.cpp(678,4):
          'void SetGlobalVar(const char *,const char *)': cannot convert argument 2 from 'const _Elem *' to 'const char *'
          with
          [
              _Elem=wchar_t
          ]
              C:\Users\jmfra\Projects\Zig\Blitzkrieg\Sources\src\Game\main.cpp(678,90):
              Types pointed to are unrelated; conversion requires reinterpret_cast, C-style cast or parenthesized function-style cast
      C:\Users\jmfra\Projects\Zig\Blitzkrieg\Sources\src\Game\main.cpp(678,4):
      while trying to match the argument list '(const char [38], const _Elem *)'
          with
          [
              _Elem=wchar_t
          ]
  
  SysKeys.cpp
C:\Users\jmfra\Projects\Zig\Blitzkrieg\Sources\src\Game\SysKeys.cpp(5,9): warning C4005: 'LLKHF_EXTENDED': macro redefinition
  (compiling source file '/SysKeys.cpp')
      C:\Program Files (x86)\Windows Kits\10\Include\10.0.26100.0\um\winuser.h(1102,9):
      see previous definition of 'LLKHF_EXTENDED'
  
C:\Users\jmfra\Projects\Zig\Blitzkrieg\Sources\src\Game\SysKeys.cpp(7,9): warning C4005: 'LLKHF_ALTDOWN': macro redefinition
  (compiling source file '/SysKeys.cpp')
      C:\Program Files (x86)\Windows Kits\10\Include\10.0.26100.0\um\winuser.h(1104,9):
      see previous definition of 'LLKHF_ALTDOWN'
  
C:\Users\jmfra\Projects\Zig\Blitzkrieg\Sources\src\Game\SysKeys.cpp(8,9): warning C4005: 'LLKHF_UP': macro redefinition
  (compiling source file '/SysKeys.cpp')
      C:\Program Files (x86)\Windows Kits\10\Include\10.0.26100.0\um\winuser.h(1105,9):
      see previous definition of 'LLKHF_UP'
  
C:\Users\jmfra\Projects\Zig\Blitzkrieg\Sources\src\Game\SysKeys.cpp(66,28): warning C4996: 'GetVersion': was declared deprecated
  (compiling source file '/SysKeys.cpp')
  
  WinFrame.cpp
C:\Users\jmfra\Projects\Zig\Blitzkrieg\Sources\src\Game\WinFrame.cpp(230,10): error C2661: 'std::list<NWinFrame::SWindowsMsg,std::allocator<NWinFrame::SWindowsMsg>>::push_back': no overloaded function takes 0 arguments
  (compiling source file '/WinFrame.cpp')
      C:\Users\jmfra\Projects\Zig\Blitzkrieg\Sources\src\Game\WinFrame.cpp(230,10):
      while trying to match the argument list '()'
  
  Generating Code...
