c:\users\jmfrank\source\repos\jmfrank63\blitzkrieg\sources\src\libpng\release\libpng.pdb
c:\users\jmfrank\source\repos\jmfrank63\blitzkrieg\sources\src\libpng\release\pngwutil.obj
c:\users\jmfrank\source\repos\jmfrank63\blitzkrieg\sources\src\libpng\release\pngwtran.obj
c:\users\jmfrank\source\repos\jmfrank63\blitzkrieg\sources\src\libpng\release\pngwrite.obj
c:\users\jmfrank\source\repos\jmfrank63\blitzkrieg\sources\src\libpng\release\pngwio.obj
c:\users\jmfrank\source\repos\jmfrank63\blitzkrieg\sources\src\libpng\release\pngvcrd.obj
c:\users\jmfrank\source\repos\jmfrank63\blitzkrieg\sources\src\libpng\release\pngtrans.obj
c:\users\jmfrank\source\repos\jmfrank63\blitzkrieg\sources\src\libpng\release\pngtest.obj
c:\users\jmfrank\source\repos\jmfrank63\blitzkrieg\sources\src\libpng\release\pngset.obj
c:\users\jmfrank\source\repos\jmfrank63\blitzkrieg\sources\src\libpng\release\pngrutil.obj
c:\users\jmfrank\source\repos\jmfrank63\blitzkrieg\sources\src\libpng\release\pngrtran.obj
c:\users\jmfrank\source\repos\jmfrank63\blitzkrieg\sources\src\libpng\release\pngrio.obj
c:\users\jmfrank\source\repos\jmfrank63\blitzkrieg\sources\src\libpng\release\pngread.obj
c:\users\jmfrank\source\repos\jmfrank63\blitzkrieg\sources\src\libpng\release\pngpread.obj
c:\users\jmfrank\source\repos\jmfrank63\blitzkrieg\sources\src\libpng\release\pngmem.obj
c:\users\jmfrank\source\repos\jmfrank63\blitzkrieg\sources\src\libpng\release\pngget.obj
c:\users\jmfrank\source\repos\jmfrank63\blitzkrieg\sources\src\libpng\release\pnggccrd.obj
c:\users\jmfrank\source\repos\jmfrank63\blitzkrieg\sources\src\libpng\release\pngerror.obj
c:\users\jmfrank\source\repos\jmfrank63\blitzkrieg\sources\src\libpng\release\png.obj
c:\users\jmfrank\source\repos\jmfrank63\blitzkrieg\sources\src\libpng\release\libpng.lib
c:\users\jmfrank\source\repos\jmfrank63\blitzkrieg\sources\src\libpng\release\libpng.tlog\cl.command.1.tlog
c:\users\jmfrank\source\repos\jmfrank63\blitzkrieg\sources\src\libpng\release\libpng.tlog\cl.items.tlog
c:\users\jmfrank\source\repos\jmfrank63\blitzkrieg\sources\src\libpng\release\libpng.tlog\cl.read.1.tlog
c:\users\jmfrank\source\repos\jmfrank63\blitzkrieg\sources\src\libpng\release\libpng.tlog\cl.write.1.tlog
c:\users\jmfrank\source\repos\jmfrank63\blitzkrieg\sources\src\libpng\release\libpng.tlog\lib-link.write.1.tlog
c:\users\jmfrank\source\repos\jmfrank63\blitzkrieg\sources\src\libpng\release\libpng.tlog\lib.command.1.tlog
c:\users\jmfrank\source\repos\jmfrank63\blitzkrieg\sources\src\libpng\release\libpng.tlog\lib.read.1.tlog
