c:\users\jmfrank\source\repos\jmfrank63\blitzkrieg\sources\src\sfx\release\sfx.pch
c:\users\jmfrank\source\repos\jmfrank63\blitzkrieg\sources\src\sfx\release\vc145.pdb
c:\users\jmfrank\source\repos\jmfrank63\blitzkrieg\sources\src\sfx\release\stdafx.obj
c:\users\jmfrank\source\repos\jmfrank63\blitzkrieg\sources\src\sfx\release\streamfadeoff.obj
c:\users\jmfrank\source\repos\jmfrank63\blitzkrieg\sources\src\sfx\release\soundobjectfactory.obj
c:\users\jmfrank\source\repos\jmfrank63\blitzkrieg\sources\src\sfx\release\soundmanager.obj
c:\users\jmfrank\source\repos\jmfrank63\blitzkrieg\sources\src\sfx\release\soundengine.obj
c:\users\jmfrank\source\repos\jmfrank63\blitzkrieg\sources\src\sfx\release\streamingsound.obj
c:\users\jmfrank\source\repos\jmfrank63\blitzkrieg\sources\src\sfx\release\soundsserialize.obj
c:\users\jmfrank\source\repos\jmfrank63\blitzkrieg\sources\src\sfx\release\samplesounds.obj
c:\users\jmfrank\source\repos\jmfrank63\blitzkrieg\sources\src\sfx\release\globalsloader.obj
c:\users\jmfrank\source\repos\jmfrank63\blitzkrieg\sources\src\sfx\release\sfx.res
c:\users\jmfrank\source\repos\jmfrank63\blitzkrieg\sources\src\sfx\release\sfx.exp
c:\users\jmfrank\source\repos\jmfrank63\blitzkrieg\sources\src\sfx\release\sfx.tlog\cl.command.1.tlog
c:\users\jmfrank\source\repos\jmfrank63\blitzkrieg\sources\src\sfx\release\sfx.tlog\cl.read.1.tlog
c:\users\jmfrank\source\repos\jmfrank63\blitzkrieg\sources\src\sfx\release\sfx.tlog\cl.write.1.tlog
c:\users\jmfrank\source\repos\jmfrank63\blitzkrieg\sources\src\sfx\release\sfx.tlog\link-cvtres.read.1.tlog
c:\users\jmfrank\source\repos\jmfrank63\blitzkrieg\sources\src\sfx\release\sfx.tlog\link-cvtres.write.1.tlog
c:\users\jmfrank\source\repos\jmfrank63\blitzkrieg\sources\src\sfx\release\sfx.tlog\link-rc.read.1.tlog
c:\users\jmfrank\source\repos\jmfrank63\blitzkrieg\sources\src\sfx\release\sfx.tlog\link-rc.write.1.tlog
c:\users\jmfrank\source\repos\jmfrank63\blitzkrieg\sources\src\sfx\release\sfx.tlog\link.command.1.tlog
c:\users\jmfrank\source\repos\jmfrank63\blitzkrieg\sources\src\sfx\release\sfx.tlog\link.read.1.tlog
c:\users\jmfrank\source\repos\jmfrank63\blitzkrieg\sources\src\sfx\release\sfx.tlog\link.write.1.tlog
c:\users\jmfrank\source\repos\jmfrank63\blitzkrieg\sources\src\sfx\release\sfx.tlog\rc.command.1.tlog
c:\users\jmfrank\source\repos\jmfrank63\blitzkrieg\sources\src\sfx\release\sfx.tlog\rc.read.1.tlog
c:\users\jmfrank\source\repos\jmfrank63\blitzkrieg\sources\src\sfx\release\sfx.tlog\rc.write.1.tlog
