c:\users\jmfrank\source\repos\jmfrank63\blitzkrieg\sources\src\lualib\release\lualib.pdb
c:\users\jmfrank\source\repos\jmfrank63\blitzkrieg\sources\src\lualib\release\lzio.obj
c:\users\jmfrank\source\repos\jmfrank63\blitzkrieg\sources\src\lualib\release\lvm.obj
c:\users\jmfrank\source\repos\jmfrank63\blitzkrieg\sources\src\lualib\release\lundump.obj
c:\users\jmfrank\source\repos\jmfrank63\blitzkrieg\sources\src\lualib\release\ltm.obj
c:\users\jmfrank\source\repos\jmfrank63\blitzkrieg\sources\src\lualib\release\ltable.obj
c:\users\jmfrank\source\repos\jmfrank63\blitzkrieg\sources\src\lualib\release\lstring.obj
c:\users\jmfrank\source\repos\jmfrank63\blitzkrieg\sources\src\lualib\release\lstate.obj
c:\users\jmfrank\source\repos\jmfrank63\blitzkrieg\sources\src\lualib\release\lparser.obj
c:\users\jmfrank\source\repos\jmfrank63\blitzkrieg\sources\src\lualib\release\lobject.obj
c:\users\jmfrank\source\repos\jmfrank63\blitzkrieg\sources\src\lualib\release\lmem.obj
c:\users\jmfrank\source\repos\jmfrank63\blitzkrieg\sources\src\lualib\release\llex.obj
c:\users\jmfrank\source\repos\jmfrank63\blitzkrieg\sources\src\lualib\release\lgc.obj
c:\users\jmfrank\source\repos\jmfrank63\blitzkrieg\sources\src\lualib\release\lfunc.obj
c:\users\jmfrank\source\repos\jmfrank63\blitzkrieg\sources\src\lualib\release\ldo.obj
c:\users\jmfrank\source\repos\jmfrank63\blitzkrieg\sources\src\lualib\release\ldebug.obj
c:\users\jmfrank\source\repos\jmfrank63\blitzkrieg\sources\src\lualib\release\lcode.obj
c:\users\jmfrank\source\repos\jmfrank63\blitzkrieg\sources\src\lualib\release\lapi.obj
c:\users\jmfrank\source\repos\jmfrank63\blitzkrieg\sources\src\lualib\release\script.obj
c:\users\jmfrank\source\repos\jmfrank63\blitzkrieg\sources\src\lualib\release\lualib.lib
c:\users\jmfrank\source\repos\jmfrank63\blitzkrieg\sources\src\lualib\release\lualib.tlog\cl.command.1.tlog
c:\users\jmfrank\source\repos\jmfrank63\blitzkrieg\sources\src\lualib\release\lualib.tlog\cl.items.tlog
c:\users\jmfrank\source\repos\jmfrank63\blitzkrieg\sources\src\lualib\release\lualib.tlog\cl.read.1.tlog
c:\users\jmfrank\source\repos\jmfrank63\blitzkrieg\sources\src\lualib\release\lualib.tlog\cl.write.1.tlog
c:\users\jmfrank\source\repos\jmfrank63\blitzkrieg\sources\src\lualib\release\lualib.tlog\lib-link.write.1.tlog
c:\users\jmfrank\source\repos\jmfrank63\blitzkrieg\sources\src\lualib\release\lualib.tlog\lib.command.1.tlog
c:\users\jmfrank\source\repos\jmfrank63\blitzkrieg\sources\src\lualib\release\lualib.tlog\lib.read.1.tlog
