C:\Users\jmfra\Projects\Zig\Blitzkrieg\Sources\src\UI\Release\cl.command.1.tlog
C:\Users\jmfra\Projects\Zig\Blitzkrieg\Sources\src\UI\Release\CL.read.1.tlog
C:\Users\jmfra\Projects\Zig\Blitzkrieg\Sources\src\UI\Release\CL.write.1.tlog
C:\USERS\JMFRA\PROJECTS\ZIG\BLITZKRIEG\SOURCES\SRC\UI\RELEASE\GLOBALSLOADER.OBJ
C:\USERS\JMFRA\PROJECTS\ZIG\BLITZKRIEG\SOURCES\SRC\UI\RELEASE\STDAFX.OBJ
C:\USERS\JMFRA\PROJECTS\ZIG\BLITZKRIEG\SOURCES\SRC\UI\RELEASE\UI.PCH
C:\USERS\JMFRA\PROJECTS\ZIG\BLITZKRIEG\SOURCES\SRC\UI\RELEASE\UIBASICM.OBJ
C:\USERS\JMFRA\PROJECTS\ZIG\BLITZKRIEG\SOURCES\SRC\UI\RELEASE\UIBUTTON.OBJ
C:\USERS\JMFRA\PROJECTS\ZIG\BLITZKRIEG\SOURCES\SRC\UI\RELEASE\UICOMPLEXSCROLL.OBJ
C:\USERS\JMFRA\PROJECTS\ZIG\BLITZKRIEG\SOURCES\SRC\UI\RELEASE\UICREDITSSCROLLER.OBJ
C:\USERS\JMFRA\PROJECTS\ZIG\BLITZKRIEG\SOURCES\SRC\UI\RELEASE\UIDIALOG.OBJ
C:\USERS\JMFRA\PROJECTS\ZIG\BLITZKRIEG\SOURCES\SRC\UI\RELEASE\UILIST.OBJ
C:\USERS\JMFRA\PROJECTS\ZIG\BLITZKRIEG\SOURCES\SRC\UI\RELEASE\UIMASK.OBJ
C:\USERS\JMFRA\PROJECTS\ZIG\BLITZKRIEG\SOURCES\SRC\UI\RELEASE\UIMEDALS.OBJ
C:\USERS\JMFRA\PROJECTS\ZIG\BLITZKRIEG\SOURCES\SRC\UI\RELEASE\UIMINIMAP.OBJ
C:\USERS\JMFRA\PROJECTS\ZIG\BLITZKRIEG\SOURCES\SRC\UI\RELEASE\UINUMBERINDICATOR.OBJ
C:\USERS\JMFRA\PROJECTS\ZIG\BLITZKRIEG\SOURCES\SRC\UI\RELEASE\UIOBJMAP.OBJ
C:\USERS\JMFRA\PROJECTS\ZIG\BLITZKRIEG\SOURCES\SRC\UI\RELEASE\UISHORTCUTBAR.OBJ
C:\USERS\JMFRA\PROJECTS\ZIG\BLITZKRIEG\SOURCES\SRC\UI\RELEASE\UISLIDER.OBJ
C:\USERS\JMFRA\PROJECTS\ZIG\BLITZKRIEG\SOURCES\SRC\UI\RELEASE\UISTATUSBAR.OBJ
C:\USERS\JMFRA\PROJECTS\ZIG\BLITZKRIEG\SOURCES\SRC\UI\RELEASE\UITIMECOUNTER.OBJ
C:\USERS\JMFRA\PROJECTS\ZIG\BLITZKRIEG\SOURCES\SRC\UI\RELEASE\UITREE.OBJ
C:\USERS\JMFRA\PROJECTS\ZIG\BLITZKRIEG\SOURCES\SRC\UI\RELEASE\UIVIDEOBUTTON.OBJ
C:\USERS\JMFRA\PROJECTS\ZIG\BLITZKRIEG\SOURCES\SRC\UI\RELEASE\VC100.PDB
