  StdAfx.cpp
  GlobalsLoader.cpp
  UIBasic.cpp
UIBasic.cpp(389): error C2440: 'initializing' : cannot convert from 'const WORD *' to 'std::basic_string<_Elem,_Traits,_Ax>'
          with
          [
              _Elem=wchar_t,
              _Traits=std::char_traits<wchar_t>,
              _Ax=std::allocator<wchar_t>
          ]
          No constructor could take the source type, or constructor overload resolution was ambiguous
UIBasic.cpp(1935): error C2666: 'CPtr<TUserObj>::operator !=' : 3 overloads have similar conversions
          with
          [
              TUserObj=IUIElement
          ]
          c:\users\jmfra\projects\zig\blitzkrieg\sources\src\ui\..\Misc\Basic.h(581): could be 'bool CPtr<TUserObj>::operator !=(const TUserObj *) const'
          with
          [
              TUserObj=IUIElement
          ]
          c:\users\jmfra\projects\zig\blitzkrieg\sources\src\ui\..\Misc\Basic.h(581): or       'bool CPtr<TUserObj>::operator !=(const CPtr<TUserObj> &) const'
          with
          [
              TUserObj=IUIElement
          ]
          or       'built-in C++ operator!=(IUIElement *, IUIElement *)'
          while trying to match the argument list '(CPtr<TUserObj>, IUIElement *)'
          with
          [
              TUserObj=IUIElement
          ]
          note: qualification adjustment (const/volatile) may be causing the ambiguity
UIBasic.cpp(2356): error C2666: 'CObj<TUserObj>::operator ==' : 3 overloads have similar conversions
          with
          [
              TUserObj=IUIElement
          ]
          c:\users\jmfra\projects\zig\blitzkrieg\sources\src\ui\..\Misc\Basic.h(583): could be 'bool CObj<TUserObj>::operator ==(const TUserObj *) const'
          with
          [
              TUserObj=IUIElement
          ]
          c:\users\jmfra\projects\zig\blitzkrieg\sources\src\ui\..\Misc\Basic.h(583): or       'bool CObj<TUserObj>::operator ==(const CObj<TUserObj> &) const'
          with
          [
              TUserObj=IUIElement
          ]
          or       'built-in C++ operator==(IUIElement *, IUIElement *)'
          while trying to match the argument list '(CObj<TUserObj>, IUIElement *)'
          with
          [
              TUserObj=IUIElement
          ]
          note: qualification adjustment (const/volatile) may be causing the ambiguity
UIBasic.cpp(2369): error C2666: 'CObj<TUserObj>::operator ==' : 3 overloads have similar conversions
          with
          [
              TUserObj=IUIElement
          ]
          c:\users\jmfra\projects\zig\blitzkrieg\sources\src\ui\..\Misc\Basic.h(583): could be 'bool CObj<TUserObj>::operator ==(const TUserObj *) const'
          with
          [
              TUserObj=IUIElement
          ]
          c:\users\jmfra\projects\zig\blitzkrieg\sources\src\ui\..\Misc\Basic.h(583): or       'bool CObj<TUserObj>::operator ==(const CObj<TUserObj> &) const'
          with
          [
              TUserObj=IUIElement
          ]
          or       'built-in C++ operator==(IUIElement *, IUIElement *)'
          while trying to match the argument list '(CObj<TUserObj>, IUIElement *)'
          with
          [
              TUserObj=IUIElement
          ]
          note: qualification adjustment (const/volatile) may be causing the ambiguity
  UIBasicM.cpp
  UIInternal.cpp
c:\users\jmfra\projects\zig\blitzkrieg\sources\src\ui\..\StreamIO\DTHelper.h(103): error C2664: 'CTreeAccessor::AddRawData' : cannot convert parameter 2 from 'const char *' to 'void *'
          Conversion loses qualifiers
          c:\users\jmfra\projects\zig\blitzkrieg\sources\src\ui\..\StreamIO\DTHelper.h(172) : see reference to function template instantiation 'void CTreeAccessor::CallObjectSerialize<T>(const DTChunkID,T *,SGenericNumber<N> *)' being compiled
          with
          [
              T=const char,
              N=1
          ]
          c:\users\jmfra\projects\zig\blitzkrieg\sources\src\ui\..\StreamIO\DTHelper.h(687) : see reference to function template instantiation 'void CTreeAccessor::AddInternal<T>(const DTChunkID,T *,...)' being compiled
          with
          [
              T=const char
          ]
          UIInternal.cpp(566) : see reference to function template instantiation 'void CTreeAccessor::Add<const char>(const DTChunkID,T *)' being compiled
          with
          [
              T=const char
          ]
  UIInternalM.cpp
UIInternalM.cpp(156): error C2664: 'IText::SetText' : cannot convert parameter 1 from '_bstr_t' to 'const WORD *'
          No user-defined-conversion operator available that can perform this conversion, or the operator cannot be called
  UIColorTextScroll.cpp
UIColorTextScroll.cpp(7): error C4430: missing type specifier - int assumed. Note: C++ does not support default-int
UIColorTextScroll.cpp(23): error C2664: 'IText::SetText' : cannot convert parameter 1 from 'const wchar_t *' to 'const WORD *'
          Types pointed to are unrelated; conversion requires reinterpret_cast, C-style cast or function-style cast
UIColorTextScroll.cpp(135): error C2664: 'CUIColorTextScroll::CColorTextEntry::CColorTextEntry(const wchar_t *,const DWORD,const wchar_t *,const DWORD,const int,const int)' : cannot convert parameter 1 from 'const WORD *' to 'const wchar_t *'
          Types pointed to are unrelated; conversion requires reinterpret_cast, C-style cast or function-style cast
  UIButton.cpp
  UIConsole.cpp
UIConsole.cpp(279): error C2664: 'IText::SetText' : cannot convert parameter 1 from 'const wchar_t *' to 'const WORD *'
          Types pointed to are unrelated; conversion requires reinterpret_cast, C-style cast or function-style cast
UIConsole.cpp(281): error C2664: 'IText::SetText' : cannot convert parameter 1 from 'const wchar_t [1]' to 'const WORD *'
          Types pointed to are unrelated; conversion requires reinterpret_cast, C-style cast or function-style cast
  UICreditsScroller.cpp
  UIDialog.cpp
  UIEdit.cpp
UIEdit.cpp(706): error C2679: binary '=' : no operator found which takes a right-hand operand of type 'const WORD *' (or there is no acceptable conversion)
          C:\Program Files (x86)\Microsoft Visual Studio 10.0\VC\include\xstring(707): could be 'std::basic_string<_Elem,_Traits,_Ax> &std::basic_string<_Elem,_Traits,_Ax>::operator =(std::basic_string<_Elem,_Traits,_Ax> &&)'
          with
          [
              _Elem=wchar_t,
              _Traits=std::char_traits<wchar_t>,
              _Ax=std::allocator<wchar_t>
          ]
          C:\Program Files (x86)\Microsoft Visual Studio 10.0\VC\include\xstring(762): or       'std::basic_string<_Elem,_Traits,_Ax> &std::basic_string<_Elem,_Traits,_Ax>::operator =(const std::basic_string<_Elem,_Traits,_Ax> &)'
          with
          [
              _Elem=wchar_t,
              _Traits=std::char_traits<wchar_t>,
              _Ax=std::allocator<wchar_t>
          ]
          C:\Program Files (x86)\Microsoft Visual Studio 10.0\VC\include\xstring(767): or       'std::basic_string<_Elem,_Traits,_Ax> &std::basic_string<_Elem,_Traits,_Ax>::operator =(const _Elem *)'
          with
          [
              _Elem=wchar_t,
              _Traits=std::char_traits<wchar_t>,
              _Ax=std::allocator<wchar_t>
          ]
          C:\Program Files (x86)\Microsoft Visual Studio 10.0\VC\include\xstring(772): or       'std::basic_string<_Elem,_Traits,_Ax> &std::basic_string<_Elem,_Traits,_Ax>::operator =(_Elem)'
          with
          [
              _Elem=wchar_t,
              _Traits=std::char_traits<wchar_t>,
              _Ax=std::allocator<wchar_t>
          ]
          while trying to match the argument list '(std::wstring, const WORD *)'
UIEdit.cpp(717): error C2664: 'IText::SetText' : cannot convert parameter 1 from 'const wchar_t *' to 'const WORD *'
          Types pointed to are unrelated; conversion requires reinterpret_cast, C-style cast or function-style cast
UIEdit.cpp(738): error C2664: 'IText::SetText' : cannot convert parameter 1 from 'const wchar_t *' to 'const WORD *'
          Types pointed to are unrelated; conversion requires reinterpret_cast, C-style cast or function-style cast
UIEdit.cpp(755): error C2664: 'IText::SetText' : cannot convert parameter 1 from 'const wchar_t *' to 'const WORD *'
          Types pointed to are unrelated; conversion requires reinterpret_cast, C-style cast or function-style cast
UIEdit.cpp(772): error C2664: 'IText::SetText' : cannot convert parameter 1 from 'const wchar_t *' to 'const WORD *'
          Types pointed to are unrelated; conversion requires reinterpret_cast, C-style cast or function-style cast
  UIMessageBox.cpp
UIMessageBox.cpp(100): error C2664: 'CSimpleWindow::SetWindowTextA' : cannot convert parameter 2 from 'const wchar_t [3]' to 'const WORD *'
          Types pointed to are unrelated; conversion requires reinterpret_cast, C-style cast or function-style cast
UIMessageBox.cpp(104): error C2664: 'CSimpleWindow::SetWindowTextA' : cannot convert parameter 2 from 'const wchar_t [3]' to 'const WORD *'
          Types pointed to are unrelated; conversion requires reinterpret_cast, C-style cast or function-style cast
UIMessageBox.cpp(105): error C2664: 'CSimpleWindow::SetWindowTextA' : cannot convert parameter 2 from 'const wchar_t [7]' to 'const WORD *'
          Types pointed to are unrelated; conversion requires reinterpret_cast, C-style cast or function-style cast
UIMessageBox.cpp(109): error C2664: 'CSimpleWindow::SetWindowTextA' : cannot convert parameter 2 from 'const wchar_t [4]' to 'const WORD *'
          Types pointed to are unrelated; conversion requires reinterpret_cast, C-style cast or function-style cast
UIMessageBox.cpp(110): error C2664: 'CSimpleWindow::SetWindowTextA' : cannot convert parameter 2 from 'const wchar_t [3]' to 'const WORD *'
          Types pointed to are unrelated; conversion requires reinterpret_cast, C-style cast or function-style cast
  UIMiniMap.cpp
  UINumberIndicator.cpp
  UIScreen.cpp
c:\users\jmfra\projects\zig\blitzkrieg\sources\src\ui\UIScreen.h(31): error C2248: 'CMultipleWindow::CMessageList' : cannot access private typedef declared in class 'CMultipleWindow'
          c:\users\jmfra\projects\zig\blitzkrieg\sources\src\ui\UIBasic.h(192) : see declaration of 'CMultipleWindow::CMessageList'
          c:\users\jmfra\projects\zig\blitzkrieg\sources\src\ui\UIBasic.h(178) : see declaration of 'CMultipleWindow'
UIScreen.cpp(366): error C2679: binary '=' : no operator found which takes a right-hand operand of type 'const WORD *' (or there is no acceptable conversion)
          C:\Program Files (x86)\Microsoft Visual Studio 10.0\VC\include\xstring(707): could be 'std::basic_string<_Elem,_Traits,_Ax> &std::basic_string<_Elem,_Traits,_Ax>::operator =(std::basic_string<_Elem,_Traits,_Ax> &&)'
          with
          [
              _Elem=wchar_t,
              _Traits=std::char_traits<wchar_t>,
              _Ax=std::allocator<wchar_t>
          ]
          C:\Program Files (x86)\Microsoft Visual Studio 10.0\VC\include\xstring(762): or       'std::basic_string<_Elem,_Traits,_Ax> &std::basic_string<_Elem,_Traits,_Ax>::operator =(const std::basic_string<_Elem,_Traits,_Ax> &)'
          with
          [
              _Elem=wchar_t,
              _Traits=std::char_traits<wchar_t>,
              _Ax=std::allocator<wchar_t>
          ]
          C:\Program Files (x86)\Microsoft Visual Studio 10.0\VC\include\xstring(767): or       'std::basic_string<_Elem,_Traits,_Ax> &std::basic_string<_Elem,_Traits,_Ax>::operator =(const _Elem *)'
          with
          [
              _Elem=wchar_t,
              _Traits=std::char_traits<wchar_t>,
              _Ax=std::allocator<wchar_t>
          ]
          C:\Program Files (x86)\Microsoft Visual Studio 10.0\VC\include\xstring(772): or       'std::basic_string<_Elem,_Traits,_Ax> &std::basic_string<_Elem,_Traits,_Ax>::operator =(_Elem)'
          with
          [
              _Elem=wchar_t,
              _Traits=std::char_traits<wchar_t>,
              _Ax=std::allocator<wchar_t>
          ]
          while trying to match the argument list '(std::wstring, const WORD *)'
  UIScrollText.cpp
UIScrollText.cpp(69): error C2440: 'initializing' : cannot convert from 'const WORD *' to 'std::basic_string<_Elem,_Traits,_Ax>'
          with
          [
              _Elem=wchar_t,
              _Traits=std::char_traits<wchar_t>,
              _Ax=std::allocator<wchar_t>
          ]
          No constructor could take the source type, or constructor overload resolution was ambiguous
UIScrollText.cpp(70): error C2679: binary '+=' : no operator found which takes a right-hand operand of type 'const WORD *' (or there is no acceptable conversion)
          C:\Program Files (x86)\Microsoft Visual Studio 10.0\VC\include\xstring(777): could be 'std::basic_string<_Elem,_Traits,_Ax> &std::basic_string<_Elem,_Traits,_Ax>::operator +=(const std::basic_string<_Elem,_Traits,_Ax> &)'
          with
          [
              _Elem=wchar_t,
              _Traits=std::char_traits<wchar_t>,
              _Ax=std::allocator<wchar_t>
          ]
          C:\Program Files (x86)\Microsoft Visual Studio 10.0\VC\include\xstring(782): or       'std::basic_string<_Elem,_Traits,_Ax> &std::basic_string<_Elem,_Traits,_Ax>::operator +=(const _Elem *)'
          with
          [
              _Elem=wchar_t,
              _Traits=std::char_traits<wchar_t>,
              _Ax=std::allocator<wchar_t>
          ]
          C:\Program Files (x86)\Microsoft Visual Studio 10.0\VC\include\xstring(787): or       'std::basic_string<_Elem,_Traits,_Ax> &std::basic_string<_Elem,_Traits,_Ax>::operator +=(_Elem)'
          with
          [
              _Elem=wchar_t,
              _Traits=std::char_traits<wchar_t>,
              _Ax=std::allocator<wchar_t>
          ]
          while trying to match the argument list '(std::wstring, const WORD *)'
UIScrollText.cpp(72): error C2664: 'CUIScrollTextBox::SetWindowTextA' : cannot convert parameter 2 from 'const wchar_t *' to 'const WORD *'
          Types pointed to are unrelated; conversion requires reinterpret_cast, C-style cast or function-style cast
UIScrollText.cpp(210): error C2440: 'initializing' : cannot convert from 'const WORD *' to 'std::basic_string<_Elem,_Traits,_Ax>'
          with
          [
              _Elem=wchar_t,
              _Traits=std::char_traits<wchar_t>,
              _Ax=std::allocator<wchar_t>
          ]
          No constructor could take the source type, or constructor overload resolution was ambiguous
UIScrollText.cpp(211): error C2664: 'CUIScrollTextBox::SetWindowTextA' : cannot convert parameter 2 from 'const wchar_t *' to 'const WORD *'
          Types pointed to are unrelated; conversion requires reinterpret_cast, C-style cast or function-style cast
  UISlider.cpp
  UIStatusBar.cpp
  UITimeCounter.cpp
  UIVideoButton.cpp
  Generating Code...
  Compiling...
  UIComplexScroll.cpp
  UIComboBox.cpp
UIComboBox.cpp(198): error C2664: 'CSimpleWindow::SetWindowTextA' : cannot convert parameter 2 from 'const wchar_t [1]' to 'const WORD *'
          Types pointed to are unrelated; conversion requires reinterpret_cast, C-style cast or function-style cast
  UIList.cpp
  UIListSorter.cpp
UIListSorter.cpp(8): error C2440: 'initializing' : cannot convert from 'const WORD *' to 'std::basic_string<_Elem,_Traits,_Ax>'
          with
          [
              _Elem=wchar_t,
              _Traits=std::char_traits<wchar_t>,
              _Ax=std::allocator<wchar_t>
          ]
          No constructor could take the source type, or constructor overload resolution was ambiguous
UIListSorter.cpp(10): error C2440: 'initializing' : cannot convert from 'const WORD *' to 'std::basic_string<_Elem,_Traits,_Ax>'
          with
          [
              _Elem=wchar_t,
              _Traits=std::char_traits<wchar_t>,
              _Ax=std::allocator<wchar_t>
          ]
          No constructor could take the source type, or constructor overload resolution was ambiguous
UIListSorter.cpp(23): error C2440: 'initializing' : cannot convert from 'const WORD *' to 'std::basic_string<_Elem,_Traits,_Ax>'
          with
          [
              _Elem=wchar_t,
              _Traits=std::char_traits<wchar_t>,
              _Ax=std::allocator<wchar_t>
          ]
          No constructor could take the source type, or constructor overload resolution was ambiguous
UIListSorter.cpp(25): error C2440: 'initializing' : cannot convert from 'const WORD *' to 'std::basic_string<_Elem,_Traits,_Ax>'
          with
          [
              _Elem=wchar_t,
              _Traits=std::char_traits<wchar_t>,
              _Ax=std::allocator<wchar_t>
          ]
          No constructor could take the source type, or constructor overload resolution was ambiguous
  UIMedals.cpp
  UIObjectiveScreen.cpp
c:\users\jmfra\projects\zig\blitzkrieg\sources\src\ui\UIScreen.h(31): error C2248: 'CMultipleWindow::CMessageList' : cannot access private typedef declared in class 'CMultipleWindow'
          c:\users\jmfra\projects\zig\blitzkrieg\sources\src\ui\UIBasic.h(192) : see declaration of 'CMultipleWindow::CMessageList'
          c:\users\jmfra\projects\zig\blitzkrieg\sources\src\ui\UIBasic.h(178) : see declaration of 'CMultipleWindow'
  UIObjMap.cpp
  UIShortcutBar.cpp
  UITree.cpp
  MaskManager.cpp
c:\users\jmfra\projects\zig\blitzkrieg\sources\src\ui\..\Misc\BasicShare.h(11): warning C4346: 'stdext::hash_map<TKey,CObj<TValue>,THash>::iterator' : dependent name is not a type
          prefix with 'typename' to indicate a type
          c:\users\jmfra\projects\zig\blitzkrieg\sources\src\ui\..\Misc\BasicShare.h(227) : see reference to class template instantiation 'CBasicShare<TKey,TValue,NClassTypeID,THash>' being compiled
c:\users\jmfra\projects\zig\blitzkrieg\sources\src\ui\..\Misc\BasicShare.h(11): error C2146: syntax error : missing ';' before identifier 'iterator'
c:\users\jmfra\projects\zig\blitzkrieg\sources\src\ui\..\Misc\BasicShare.h(11): error C4430: missing type specifier - int assumed. Note: C++ does not support default-int
c:\users\jmfra\projects\zig\blitzkrieg\sources\src\ui\..\Misc\BasicShare.h(12): warning C4346: 'stdext::hash_map<TKey,CObj<TValue>,THash>::const_iterator' : dependent name is not a type
          prefix with 'typename' to indicate a type
c:\users\jmfra\projects\zig\blitzkrieg\sources\src\ui\..\Misc\BasicShare.h(12): error C2146: syntax error : missing ';' before identifier 'const_iterator'
c:\users\jmfra\projects\zig\blitzkrieg\sources\src\ui\..\Misc\BasicShare.h(12): error C4430: missing type specifier - int assumed. Note: C++ does not support default-int
c:\users\jmfra\projects\zig\blitzkrieg\sources\src\ui\..\Misc\BasicShare.h(223): error C2146: syntax error : missing ';' before identifier 'begin'
c:\users\jmfra\projects\zig\blitzkrieg\sources\src\ui\..\Misc\BasicShare.h(223): error C4430: missing type specifier - int assumed. Note: C++ does not support default-int
c:\users\jmfra\projects\zig\blitzkrieg\sources\src\ui\..\Misc\BasicShare.h(223): error C4430: missing type specifier - int assumed. Note: C++ does not support default-int
c:\users\jmfra\projects\zig\blitzkrieg\sources\src\ui\..\Misc\BasicShare.h(223): warning C4183: 'begin': missing return type; assumed to be a member function returning 'int'
c:\users\jmfra\projects\zig\blitzkrieg\sources\src\ui\..\Misc\BasicShare.h(224): error C2146: syntax error : missing ';' before identifier 'begin'
c:\users\jmfra\projects\zig\blitzkrieg\sources\src\ui\..\Misc\BasicShare.h(224): error C4430: missing type specifier - int assumed. Note: C++ does not support default-int
c:\users\jmfra\projects\zig\blitzkrieg\sources\src\ui\..\Misc\BasicShare.h(224): error C4430: missing type specifier - int assumed. Note: C++ does not support default-int
c:\users\jmfra\projects\zig\blitzkrieg\sources\src\ui\..\Misc\BasicShare.h(224): warning C4183: 'begin': missing return type; assumed to be a member function returning 'int'
c:\users\jmfra\projects\zig\blitzkrieg\sources\src\ui\..\Misc\BasicShare.h(225): error C2146: syntax error : missing ';' before identifier 'end'
c:\users\jmfra\projects\zig\blitzkrieg\sources\src\ui\..\Misc\BasicShare.h(225): error C4430: missing type specifier - int assumed. Note: C++ does not support default-int
c:\users\jmfra\projects\zig\blitzkrieg\sources\src\ui\..\Misc\BasicShare.h(225): error C4430: missing type specifier - int assumed. Note: C++ does not support default-int
c:\users\jmfra\projects\zig\blitzkrieg\sources\src\ui\..\Misc\BasicShare.h(225): warning C4183: 'end': missing return type; assumed to be a member function returning 'int'
c:\users\jmfra\projects\zig\blitzkrieg\sources\src\ui\..\Misc\BasicShare.h(226): error C2146: syntax error : missing ';' before identifier 'end'
c:\users\jmfra\projects\zig\blitzkrieg\sources\src\ui\..\Misc\BasicShare.h(226): error C4430: missing type specifier - int assumed. Note: C++ does not support default-int
c:\users\jmfra\projects\zig\blitzkrieg\sources\src\ui\..\Misc\BasicShare.h(226): error C4430: missing type specifier - int assumed. Note: C++ does not support default-int
c:\users\jmfra\projects\zig\blitzkrieg\sources\src\ui\..\Misc\BasicShare.h(226): warning C4183: 'end': missing return type; assumed to be a member function returning 'int'
C:\Program Files (x86)\Microsoft Visual Studio 10.0\VC\include\xhash(180): error C2039: 'bucket_size' : is not a member of 'std::hash<std::string>'
          C:\Program Files (x86)\Microsoft Visual Studio 10.0\VC\include\xfunctional(871) : see declaration of 'std::hash<std::string>'
          C:\Program Files (x86)\Microsoft Visual Studio 10.0\VC\include\hash_map(91) : see reference to class template instantiation 'std::_Hash<_Traits>' being compiled
          with
          [
              _Traits=std::_Hmap_traits<std::string,CObj<CUIMask>,std::hash<std::string>,std::allocator<std::pair<const std::string,CObj<CUIMask>>>,false>
          ]
          c:\users\jmfra\projects\zig\blitzkrieg\sources\src\ui\..\Misc\BasicShare.h(11) : see reference to class template instantiation 'stdext::hash_map<_Kty,_Ty,_Tr>' being compiled
          with
          [
              _Kty=std::string,
              _Ty=CObj<CUIMask>,
              _Tr=std::hash<std::string>
          ]
          c:\users\jmfra\projects\zig\blitzkrieg\sources\src\ui\MaskManager.h(8) : see reference to class template instantiation 'CBasicShare<TKey,TValue,NClassTypeID>' being compiled
          with
          [
              TKey=std::string,
              TValue=CUIMask,
              NClassTypeID=269221890
          ]
C:\Program Files (x86)\Microsoft Visual Studio 10.0\VC\include\xhash(180): error C2065: 'bucket_size' : undeclared identifier
  UIMask.cpp
  UIObjectFactory.cpp
c:\users\jmfra\projects\zig\blitzkrieg\sources\src\ui\UIScreen.h(31): error C2248: 'CMultipleWindow::CMessageList' : cannot access private typedef declared in class 'CMultipleWindow'
          c:\users\jmfra\projects\zig\blitzkrieg\sources\src\ui\UIBasic.h(192) : see declaration of 'CMultipleWindow::CMessageList'
          c:\users\jmfra\projects\zig\blitzkrieg\sources\src\ui\UIBasic.h(178) : see declaration of 'CMultipleWindow'
c:\users\jmfra\projects\zig\blitzkrieg\sources\src\ui\..\Misc\BasicShare.h(11): warning C4346: 'stdext::hash_map<TKey,CObj<TValue>,THash>::iterator' : dependent name is not a type
          prefix with 'typename' to indicate a type
          c:\users\jmfra\projects\zig\blitzkrieg\sources\src\ui\..\Misc\BasicShare.h(227) : see reference to class template instantiation 'CBasicShare<TKey,TValue,NClassTypeID,THash>' being compiled
c:\users\jmfra\projects\zig\blitzkrieg\sources\src\ui\..\Misc\BasicShare.h(11): error C2146: syntax error : missing ';' before identifier 'iterator'
c:\users\jmfra\projects\zig\blitzkrieg\sources\src\ui\..\Misc\BasicShare.h(11): error C4430: missing type specifier - int assumed. Note: C++ does not support default-int
c:\users\jmfra\projects\zig\blitzkrieg\sources\src\ui\..\Misc\BasicShare.h(12): warning C4346: 'stdext::hash_map<TKey,CObj<TValue>,THash>::const_iterator' : dependent name is not a type
          prefix with 'typename' to indicate a type
c:\users\jmfra\projects\zig\blitzkrieg\sources\src\ui\..\Misc\BasicShare.h(12): error C2146: syntax error : missing ';' before identifier 'const_iterator'
c:\users\jmfra\projects\zig\blitzkrieg\sources\src\ui\..\Misc\BasicShare.h(12): error C4430: missing type specifier - int assumed. Note: C++ does not support default-int
c:\users\jmfra\projects\zig\blitzkrieg\sources\src\ui\..\Misc\BasicShare.h(223): error C2146: syntax error : missing ';' before identifier 'begin'
c:\users\jmfra\projects\zig\blitzkrieg\sources\src\ui\..\Misc\BasicShare.h(223): error C4430: missing type specifier - int assumed. Note: C++ does not support default-int
c:\users\jmfra\projects\zig\blitzkrieg\sources\src\ui\..\Misc\BasicShare.h(223): error C4430: missing type specifier - int assumed. Note: C++ does not support default-int
c:\users\jmfra\projects\zig\blitzkrieg\sources\src\ui\..\Misc\BasicShare.h(223): warning C4183: 'begin': missing return type; assumed to be a member function returning 'int'
c:\users\jmfra\projects\zig\blitzkrieg\sources\src\ui\..\Misc\BasicShare.h(224): error C2146: syntax error : missing ';' before identifier 'begin'
c:\users\jmfra\projects\zig\blitzkrieg\sources\src\ui\..\Misc\BasicShare.h(224): error C4430: missing type specifier - int assumed. Note: C++ does not support default-int
c:\users\jmfra\projects\zig\blitzkrieg\sources\src\ui\..\Misc\BasicShare.h(224): error C4430: missing type specifier - int assumed. Note: C++ does not support default-int
c:\users\jmfra\projects\zig\blitzkrieg\sources\src\ui\..\Misc\BasicShare.h(224): warning C4183: 'begin': missing return type; assumed to be a member function returning 'int'
c:\users\jmfra\projects\zig\blitzkrieg\sources\src\ui\..\Misc\BasicShare.h(225): error C2146: syntax error : missing ';' before identifier 'end'
c:\users\jmfra\projects\zig\blitzkrieg\sources\src\ui\..\Misc\BasicShare.h(225): error C4430: missing type specifier - int assumed. Note: C++ does not support default-int
c:\users\jmfra\projects\zig\blitzkrieg\sources\src\ui\..\Misc\BasicShare.h(225): error C4430: missing type specifier - int assumed. Note: C++ does not support default-int
c:\users\jmfra\projects\zig\blitzkrieg\sources\src\ui\..\Misc\BasicShare.h(225): warning C4183: 'end': missing return type; assumed to be a member function returning 'int'
c:\users\jmfra\projects\zig\blitzkrieg\sources\src\ui\..\Misc\BasicShare.h(226): error C2146: syntax error : missing ';' before identifier 'end'
c:\users\jmfra\projects\zig\blitzkrieg\sources\src\ui\..\Misc\BasicShare.h(226): error C4430: missing type specifier - int assumed. Note: C++ does not support default-int
c:\users\jmfra\projects\zig\blitzkrieg\sources\src\ui\..\Misc\BasicShare.h(226): error C4430: missing type specifier - int assumed. Note: C++ does not support default-int
c:\users\jmfra\projects\zig\blitzkrieg\sources\src\ui\..\Misc\BasicShare.h(226): warning C4183: 'end': missing return type; assumed to be a member function returning 'int'
C:\Program Files (x86)\Microsoft Visual Studio 10.0\VC\include\xhash(180): error C2039: 'bucket_size' : is not a member of 'std::hash<std::string>'
          C:\Program Files (x86)\Microsoft Visual Studio 10.0\VC\include\xfunctional(871) : see declaration of 'std::hash<std::string>'
          C:\Program Files (x86)\Microsoft Visual Studio 10.0\VC\include\hash_map(91) : see reference to class template instantiation 'std::_Hash<_Traits>' being compiled
          with
          [
              _Traits=std::_Hmap_traits<std::string,CObj<CUIMask>,std::hash<std::string>,std::allocator<std::pair<const std::string,CObj<CUIMask>>>,false>
          ]
          c:\users\jmfra\projects\zig\blitzkrieg\sources\src\ui\..\Misc\BasicShare.h(11) : see reference to class template instantiation 'stdext::hash_map<_Kty,_Ty,_Tr>' being compiled
          with
          [
              _Kty=std::string,
              _Ty=CObj<CUIMask>,
              _Tr=std::hash<std::string>
          ]
          c:\users\jmfra\projects\zig\blitzkrieg\sources\src\ui\MaskManager.h(8) : see reference to class template instantiation 'CBasicShare<TKey,TValue,NClassTypeID>' being compiled
          with
          [
              TKey=std::string,
              TValue=CUIMask,
              NClassTypeID=269221890
          ]
C:\Program Files (x86)\Microsoft Visual Studio 10.0\VC\include\xhash(180): error C2065: 'bucket_size' : undeclared identifier
  Generating Code...
