  StdAfx.cpp
  A7ExportModel.cpp
  Data.cpp
  pluginMain.cpp
  Generating Code...
  BoundingSphere.cpp
  BoundingVolume.cpp
  Matrix.cpp
  Plane.cpp
  Point.cpp
  Quaternion.cpp
  Sphere.cpp
  Timer.cpp
  Tuple.cpp
  Vector.cpp
  ViewFrustum.cpp
  Generating Code...
     Creating library .\Release\A7ExportModel.lib and object .\Release\A7ExportModel.exp
A7ExportModel.obj : error LNK2019: unresolved external symbol "void __cdecl NStr::ToLower(class std::basic_string<char,struct std::char_traits<char>,class std::allocator<char> > &)" (?ToLower@NStr@@YAXAAV?$basic_string@DU?$char_traits@D@std@@V?$allocator@D@2@@std@@@Z) referenced in function "private: class MStatus __thiscall CA7ExportModel::ProcessAnimations(void)" (?ProcessAnimations@CA7ExportModel@@AAE?AVMStatus@@XZ)
A7ExportModel.obj : error LNK2019: unresolved external symbol "int __cdecl NStr::ToInt(char const *)" (?ToInt@NStr@@YAHPBD@Z) referenced in function "int __cdecl ToIntLocal(class std::basic_string<char,struct std::char_traits<char>,class std::allocator<char> > const &)" (?ToIntLocal@@YAHABV?$basic_string@DU?$char_traits@D@std@@V?$allocator@D@2@@std@@@Z)
Data.obj : error LNK2019: unresolved external symbol "public: int __thiscall SAnimationFormat::operator&(struct IStructureSaver &)" (??ISAnimationFormat@@QAEHAAUIStructureSaver@@@Z) referenced in function "private: void __cdecl CSaverAccessor::CallObjectSerialize<struct SAnimationFormat>(char,struct SAnimationFormat *,...)" (??$CallObjectSerialize@USAnimationFormat@@@CSaverAccessor@@AAAXDPAUSAnimationFormat@@ZZ)
Data.obj : error LNK2019: unresolved external symbol "public: int __thiscall SMeshFormat::operator&(struct IStructureSaver &)" (??ISMeshFormat@@QAEHAAUIStructureSaver@@@Z) referenced in function "private: void __cdecl CSaverAccessor::CallObjectSerialize<struct SMeshFormat>(char,struct SMeshFormat *,...)" (??$CallObjectSerialize@USMeshFormat@@@CSaverAccessor@@AAAXDPAUSMeshFormat@@ZZ)
Data.obj : error LNK2019: unresolved external symbol "public: int __thiscall SSkeletonFormat::operator&(struct IStructureSaver &)" (??ISSkeletonFormat@@QAEHAAUIStructureSaver@@@Z) referenced in function "private: void __cdecl CSaverAccessor::CallObjectSerialize<struct SSkeletonFormat>(char,struct SSkeletonFormat *,...)" (??$CallObjectSerialize@USSkeletonFormat@@@CSaverAccessor@@AAAXDPAUSSkeletonFormat@@ZZ)
Data.obj : error LNK2001: unresolved external symbol "struct ISaveLoadSystem * g_pGlobalSaveLoadSystem" (?g_pGlobalSaveLoadSystem@@3PAUISaveLoadSystem@@A)
.\Release\A7ExportModel.dll : fatal error LNK1120: 6 unresolved externals
