  StdAfx.cpp
  GlobalsLoader.cpp
  ZipFile.cpp
  ZipFileSystem.cpp
  CommonFileSystem.cpp
  FileSystem.cpp
  MemFileSystem.cpp
  ModFileSystem.cpp
  SaveLoadSystem.cpp
  DataBase.cpp
  IniFile.cpp
  DataTableXML.cpp
  Streams.cpp
  StructureSaver2.cpp
  DataTreeXML.cpp
  ConsoleBuffer.cpp
  GlobalVarsInternal.cpp
  Singleton.cpp
  RandomGenInternal.cpp
  OptionSystemInternal.cpp
  StreamIOObjectFactory.cpp
  Generating Code...
.\StreamIO.def(4): warning LNK4017: DESCRIPTION statement not supported for the target platform; ignored
     Creating library .\Release\StreamIO.lib and object .\Release\StreamIO.exp
ZipFile.obj : error LNK2019: unresolved external symbol _inflate referenced in function "public: struct IDataStream * __thiscall CZipFile::ReadFile(struct IDataStream *,int)" (?ReadFile@CZipFile@@QAEPAUIDataStream@@PAU2@H@Z)
ZipFile.obj : error LNK2019: unresolved external symbol _inflateEnd referenced in function "public: struct IDataStream * __thiscall CZipFile::ReadFile(struct IDataStream *,int)" (?ReadFile@CZipFile@@QAEPAUIDataStream@@PAU2@H@Z)
ZipFile.obj : error LNK2019: unresolved external symbol _inflateInit2_ referenced in function "public: struct IDataStream * __thiscall CZipFile::ReadFile(struct IDataStream *,int)" (?ReadFile@CZipFile@@QAEPAUIDataStream@@PAU2@H@Z)
ZipFileSystem.obj : error LNK2019: unresolved external symbol "void __cdecl NStr::ToLower(class std::basic_string<char,struct std::char_traits<char>,class std::allocator<char> > &)" (?ToLower@NStr@@YAXAAV?$basic_string@DU?$char_traits@D@std@@V?$allocator@D@2@@std@@@Z) referenced in function "public: bool __thiscall CZipFileSystem::AddZipFile(struct IDataStream *,class std::basic_string<char,struct std::char_traits<char>,class std::allocator<char> > const &)" (?AddZipFile@CZipFileSystem@@QAE_NPAUIDataStream@@ABV?$basic_string@DU?$char_traits@D@std@@V?$allocator@D@2@@std@@@Z)
CommonFileSystem.obj : error LNK2001: unresolved external symbol "void __cdecl NStr::ToLower(class std::basic_string<char,struct std::char_traits<char>,class std::allocator<char> > &)" (?ToLower@NStr@@YAXAAV?$basic_string@DU?$char_traits@D@std@@V?$allocator@D@2@@std@@@Z)
FileSystem.obj : error LNK2001: unresolved external symbol "void __cdecl NStr::ToLower(class std::basic_string<char,struct std::char_traits<char>,class std::allocator<char> > &)" (?ToLower@NStr@@YAXAAV?$basic_string@DU?$char_traits@D@std@@V?$allocator@D@2@@std@@@Z)
ModFileSystem.obj : error LNK2001: unresolved external symbol "void __cdecl NStr::ToLower(class std::basic_string<char,struct std::char_traits<char>,class std::allocator<char> > &)" (?ToLower@NStr@@YAXAAV?$basic_string@DU?$char_traits@D@std@@V?$allocator@D@2@@std@@@Z)
ZipFileSystem.obj : error LNK2019: unresolved external symbol "public: class NFile::CFileIterator const & __thiscall NFile::CFileIterator::FindFirstFileA(char const *)" (?FindFirstFileA@CFileIterator@NFile@@QAEABV12@PBD@Z) referenced in function "public: __thiscall NFile::CFileIterator::CFileIterator(char const *)" (??0CFileIterator@NFile@@QAE@PBD@Z)
RandomGenInternal.obj : error LNK2001: unresolved external symbol "public: class NFile::CFileIterator const & __thiscall NFile::CFileIterator::FindFirstFileA(char const *)" (?FindFirstFileA@CFileIterator@NFile@@QAEABV12@PBD@Z)
ZipFileSystem.obj : error LNK2019: unresolved external symbol "public: class NFile::CFileIterator const & __thiscall NFile::CFileIterator::Next(void)" (?Next@CFileIterator@NFile@@QAEABV12@XZ) referenced in function "void __cdecl NFile::EnumerateFiles<class CAddZipFileFunctional>(char const *,char const *,class CAddZipFileFunctional,bool)" (??$EnumerateFiles@VCAddZipFileFunctional@@@NFile@@YAXPBD0VCAddZipFileFunctional@@_N@Z)
RandomGenInternal.obj : error LNK2001: unresolved external symbol "public: class NFile::CFileIterator const & __thiscall NFile::CFileIterator::Next(void)" (?Next@CFileIterator@NFile@@QAEABV12@XZ)
ZipFileSystem.obj : error LNK2019: unresolved external symbol "public: bool __thiscall NFile::CFileIterator::Close(void)" (?Close@CFileIterator@NFile@@QAE_NXZ) referenced in function "public: __thiscall NFile::CFileIterator::~CFileIterator(void)" (??1CFileIterator@NFile@@QAE@XZ)
RandomGenInternal.obj : error LNK2001: unresolved external symbol "public: bool __thiscall NFile::CFileIterator::Close(void)" (?Close@CFileIterator@NFile@@QAE_NXZ)
CommonFileSystem.obj : error LNK2019: unresolved external symbol "int __cdecl NStr::ToInt(char const *)" (?ToInt@NStr@@YAHPBD@Z) referenced in function "public: virtual struct IDataStream * __stdcall CCommonFileSystem::OpenStream(char const *,unsigned long)" (?OpenStream@CCommonFileSystem@@UAGPAUIDataStream@@PBDK@Z)
ConsoleBuffer.obj : error LNK2001: unresolved external symbol "int __cdecl NStr::ToInt(char const *)" (?ToInt@NStr@@YAHPBD@Z)
RandomGenInternal.obj : error LNK2001: unresolved external symbol "int __cdecl NStr::ToInt(char const *)" (?ToInt@NStr@@YAHPBD@Z)
OptionSystemInternal.obj : error LNK2001: unresolved external symbol "int __cdecl NStr::ToInt(char const *)" (?ToInt@NStr@@YAHPBD@Z)
CommonFileSystem.obj : error LNK2019: unresolved external symbol "char const * __cdecl NStr::Format(char const *,...)" (?Format@NStr@@YAPBDPBDZZ) referenced in function "public: virtual struct IDataStream * __stdcall CCommonFileSystem::OpenStream(char const *,unsigned long)" (?OpenStream@CCommonFileSystem@@UAGPAUIDataStream@@PBDK@Z)
DataTreeXML.obj : error LNK2001: unresolved external symbol "char const * __cdecl NStr::Format(char const *,...)" (?Format@NStr@@YAPBDPBDZZ)
Singleton.obj : error LNK2001: unresolved external symbol "char const * __cdecl NStr::Format(char const *,...)" (?Format@NStr@@YAPBDPBDZZ)
OptionSystemInternal.obj : error LNK2001: unresolved external symbol "char const * __cdecl NStr::Format(char const *,...)" (?Format@NStr@@YAPBDPBDZZ)
FileSystem.obj : error LNK2019: unresolved external symbol "void __cdecl NStr::SplitString(class std::basic_string<char,struct std::char_traits<char>,class std::allocator<char> > const &,class std::vector<class std::basic_string<char,struct std::char_traits<char>,class std::allocator<char> >,class std::allocator<class std::basic_string<char,struct std::char_traits<char>,class std::allocator<char> > > > &,char)" (?SplitString@NStr@@YAXABV?$basic_string@DU?$char_traits@D@std@@V?$allocator@D@2@@std@@AAV?$vector@V?$basic_string@DU?$char_traits@D@std@@V?$allocator@D@2@@std@@V?$allocator@V?$basic_string@DU?$char_traits@D@std@@V?$allocator@D@2@@std@@@2@@3@D@Z) referenced in function "private: bool __thiscall CFileSystem::CreatePathRecursive(class std::basic_string<char,struct std::char_traits<char>,class std::allocator<char> > const &)" (?CreatePathRecursive@CFileSystem@@AAE_NABV?$basic_string@DU?$char_traits@D@std@@V?$allocator@D@2@@std@@@Z)
ConsoleBuffer.obj : error LNK2001: unresolved external symbol "void __cdecl NStr::SplitString(class std::basic_string<char,struct std::char_traits<char>,class std::allocator<char> > const &,class std::vector<class std::basic_string<char,struct std::char_traits<char>,class std::allocator<char> >,class std::allocator<class std::basic_string<char,struct std::char_traits<char>,class std::allocator<char> > > > &,char)" (?SplitString@NStr@@YAXABV?$basic_string@DU?$char_traits@D@std@@V?$allocator@D@2@@std@@AAV?$vector@V?$basic_string@DU?$char_traits@D@std@@V?$allocator@D@2@@std@@V?$allocator@V?$basic_string@DU?$char_traits@D@std@@V?$allocator@D@2@@std@@@2@@3@D@Z)
OptionSystemInternal.obj : error LNK2001: unresolved external symbol "void __cdecl NStr::SplitString(class std::basic_string<char,struct std::char_traits<char>,class std::allocator<char> > const &,class std::vector<class std::basic_string<char,struct std::char_traits<char>,class std::allocator<char> >,class std::allocator<class std::basic_string<char,struct std::char_traits<char>,class std::allocator<char> > > > &,char)" (?SplitString@NStr@@YAXABV?$basic_string@DU?$char_traits@D@std@@V?$allocator@D@2@@std@@AAV?$vector@V?$basic_string@DU?$char_traits@D@std@@V?$allocator@D@2@@std@@V?$allocator@V?$basic_string@DU?$char_traits@D@std@@V?$allocator@D@2@@std@@@2@@3@D@Z)
SaveLoadSystem.obj : error LNK2001: unresolved external symbol "public: virtual struct IRefCount * __stdcall CBasicObjectFactory::CreateObject(int)" (?CreateObject@CBasicObjectFactory@@UAGPAUIRefCount@@H@Z)
StreamIOObjectFactory.obj : error LNK2001: unresolved external symbol "public: virtual struct IRefCount * __stdcall CBasicObjectFactory::CreateObject(int)" (?CreateObject@CBasicObjectFactory@@UAGPAUIRefCount@@H@Z)
SaveLoadSystem.obj : error LNK2001: unresolved external symbol "public: virtual void __stdcall CBasicObjectFactory::RegisterType(int,struct IRefCount * (__stdcall*)(void))" (?RegisterType@CBasicObjectFactory@@UAGXHP6GPAUIRefCount@@XZ@Z)
StreamIOObjectFactory.obj : error LNK2001: unresolved external symbol "public: virtual void __stdcall CBasicObjectFactory::RegisterType(int,struct IRefCount * (__stdcall*)(void))" (?RegisterType@CBasicObjectFactory@@UAGXHP6GPAUIRefCount@@XZ@Z)
SaveLoadSystem.obj : error LNK2001: unresolved external symbol "public: virtual void __stdcall CBasicObjectFactory::Aggregate(struct IObjectFactory *)" (?Aggregate@CBasicObjectFactory@@UAGXPAUIObjectFactory@@@Z)
StreamIOObjectFactory.obj : error LNK2001: unresolved external symbol "public: virtual void __stdcall CBasicObjectFactory::Aggregate(struct IObjectFactory *)" (?Aggregate@CBasicObjectFactory@@UAGXPAUIObjectFactory@@@Z)
SaveLoadSystem.obj : error LNK2001: unresolved external symbol "public: virtual void __stdcall CBasicObjectFactory::GetKnownTypes(struct SObjectFactoryTypeInfo *,int)" (?GetKnownTypes@CBasicObjectFactory@@UAGXPAUSObjectFactoryTypeInfo@@H@Z)
StreamIOObjectFactory.obj : error LNK2001: unresolved external symbol "public: virtual void __stdcall CBasicObjectFactory::GetKnownTypes(struct SObjectFactoryTypeInfo *,int)" (?GetKnownTypes@CBasicObjectFactory@@UAGXPAUSObjectFactoryTypeInfo@@H@Z)
IniFile.obj : error LNK2019: unresolved external symbol "void __cdecl NStr::TrimRight(class std::basic_string<char,struct std::char_traits<char>,class std::allocator<char> > &,char const *)" (?TrimRight@NStr@@YAXAAV?$basic_string@DU?$char_traits@D@std@@V?$allocator@D@2@@std@@PBD@Z) referenced in function "private: void __thiscall CIniFile::LoadTables(class std::basic_string<char,struct std::char_traits<char>,class std::allocator<char> > const &)" (?LoadTables@CIniFile@@AAEXABV?$basic_string@DU?$char_traits@D@std@@V?$allocator@D@2@@std@@@Z)
IniFile.obj : error LNK2019: unresolved external symbol "void __cdecl NStr::TrimRight(class std::basic_string<char,struct std::char_traits<char>,class std::allocator<char> > &,char)" (?TrimRight@NStr@@YAXAAV?$basic_string@DU?$char_traits@D@std@@V?$allocator@D@2@@std@@D@Z) referenced in function "private: void __thiscall CIniFile::LoadTables(class std::basic_string<char,struct std::char_traits<char>,class std::allocator<char> > const &)" (?LoadTables@CIniFile@@AAEXABV?$basic_string@DU?$char_traits@D@std@@V?$allocator@D@2@@std@@@Z)
DataTableXML.obj : error LNK2019: unresolved external symbol "char const * __cdecl NStr::BinToString(void const *,int,char *)" (?BinToString@NStr@@YAPBDPBXHPAD@Z) referenced in function "public: virtual void __stdcall CDataTableXML::SetRawData(char const *,char const *,void const *,int)" (?SetRawData@CDataTableXML@@UAGXPBD0PBXH@Z)
DataTreeXML.obj : error LNK2001: unresolved external symbol "char const * __cdecl NStr::BinToString(void const *,int,char *)" (?BinToString@NStr@@YAPBDPBXHPAD@Z)
DataTableXML.obj : error LNK2019: unresolved external symbol "void * __cdecl NStr::StringToBin(char const *,void *,int *)" (?StringToBin@NStr@@YAPAXPBDPAXPAH@Z) referenced in function "public: virtual int __stdcall CDataTableXML::GetRawData(char const *,char const *,void *,int)" (?GetRawData@CDataTableXML@@UAGHPBD0PAXH@Z)
DataTreeXML.obj : error LNK2001: unresolved external symbol "void * __cdecl NStr::StringToBin(char const *,void *,int *)" (?StringToBin@NStr@@YAPAXPBDPAXPAH@Z)
StructureSaver2.obj : error LNK2019: unresolved external symbol "void __cdecl NStr::DebugTrace(char const *,...)" (?DebugTrace@NStr@@YAXPBDZZ) referenced in function "private: void __thiscall CStructureSaver2::Start(enum IStructureSaver::EAccessMode,struct IProgressHook *)" (?Start@CStructureSaver2@@AAEXW4EAccessMode@IStructureSaver@@PAUIProgressHook@@@Z)
ConsoleBuffer.obj : error LNK2019: unresolved external symbol "void __cdecl NStr::ToAscii(class std::basic_string<char,struct std::char_traits<char>,class std::allocator<char> > *,class std::basic_string<wchar_t,struct std::char_traits<wchar_t>,class std::allocator<wchar_t> > const &)" (?ToAscii@NStr@@YAXPAV?$basic_string@DU?$char_traits@D@std@@V?$allocator@D@2@@std@@ABV?$basic_string@_WU?$char_traits@_W@std@@V?$allocator@_W@2@@3@@Z) referenced in function "public: virtual char const * __stdcall CConsoleBuffer::ReadASCII(int,unsigned long *)" (?ReadASCII@CConsoleBuffer@@UAGPBDHPAK@Z)
ConsoleBuffer.obj : error LNK2019: unresolved external symbol "void __cdecl NStr::ToUnicode(class std::basic_string<wchar_t,struct std::char_traits<wchar_t>,class std::allocator<wchar_t> > *,class std::basic_string<char,struct std::char_traits<char>,class std::allocator<char> > const &)" (?ToUnicode@NStr@@YAXPAV?$basic_string@_WU?$char_traits@_W@std@@V?$allocator@_W@2@@std@@ABV?$basic_string@DU?$char_traits@D@std@@V?$allocator@D@2@@3@@Z) referenced in function "public: virtual void __stdcall CConsoleBuffer::WriteASCII(int,char const *,unsigned long,bool)" (?WriteASCII@CConsoleBuffer@@UAGXHPBDK_N@Z)
Singleton.obj : error LNK2019: unresolved external symbol "public: bool __thiscall NFile::CFile::Open(char const *,unsigned long)" (?Open@CFile@NFile@@QAE_NPBDK@Z) referenced in function "public: virtual bool __stdcall CGlobalVars::DumpVars(char const *)" (?DumpVars@CGlobalVars@@UAG_NPBD@Z)
Singleton.obj : error LNK2019: unresolved external symbol "public: void __thiscall NFile::CFile::Close(void)" (?Close@CFile@NFile@@QAEXXZ) referenced in function "public: virtual __thiscall NFile::CFile::~CFile(void)" (??1CFile@NFile@@UAE@XZ)
Singleton.obj : error LNK2019: unresolved external symbol "public: int __thiscall NFile::CFile::Write(void const *,int)" (?Write@CFile@NFile@@QAEHPBXH@Z) referenced in function "public: virtual bool __stdcall CGlobalVars::DumpVars(char const *)" (?DumpVars@CGlobalVars@@UAG_NPBD@Z)
OptionSystemInternal.obj : error LNK2019: unresolved external symbol "float __cdecl NStr::ToFloat(char const *)" (?ToFloat@NStr@@YAMPBD@Z) referenced in function "float __cdecl GetGlobalVar(char const *,float)" (?GetGlobalVar@@YAMPBDM@Z)
.\Release\StreamIO.dll : fatal error LNK1120: 25 unresolved externals
