c:\users\jmfra\projects\zig\blitzkrieg\sources\src\streamio\release\streamio.pch
c:\users\jmfra\projects\zig\blitzkrieg\sources\src\streamio\release\vc145.pdb
c:\users\jmfra\projects\zig\blitzkrieg\sources\src\streamio\release\stdafx.obj
c:\users\jmfra\projects\zig\blitzkrieg\sources\src\streamio\release\streamioobjectfactory.obj
c:\users\jmfra\projects\zig\blitzkrieg\sources\src\streamio\release\optionsysteminternal.obj
c:\users\jmfra\projects\zig\blitzkrieg\sources\src\streamio\release\randomgeninternal.obj
c:\users\jmfra\projects\zig\blitzkrieg\sources\src\streamio\release\singleton.obj
c:\users\jmfra\projects\zig\blitzkrieg\sources\src\streamio\release\globalvarsinternal.obj
c:\users\jmfra\projects\zig\blitzkrieg\sources\src\streamio\release\consolebuffer.obj
c:\users\jmfra\projects\zig\blitzkrieg\sources\src\streamio\release\datatreexml.obj
c:\users\jmfra\projects\zig\blitzkrieg\sources\src\streamio\release\structuresaver2.obj
c:\users\jmfra\projects\zig\blitzkrieg\sources\src\streamio\release\streams.obj
c:\users\jmfra\projects\zig\blitzkrieg\sources\src\streamio\release\datatablexml.obj
c:\users\jmfra\projects\zig\blitzkrieg\sources\src\streamio\release\inifile.obj
c:\users\jmfra\projects\zig\blitzkrieg\sources\src\streamio\release\database.obj
c:\users\jmfra\projects\zig\blitzkrieg\sources\src\streamio\release\saveloadsystem.obj
c:\users\jmfra\projects\zig\blitzkrieg\sources\src\streamio\release\modfilesystem.obj
c:\users\jmfra\projects\zig\blitzkrieg\sources\src\streamio\release\memfilesystem.obj
c:\users\jmfra\projects\zig\blitzkrieg\sources\src\streamio\release\filesystem.obj
c:\users\jmfra\projects\zig\blitzkrieg\sources\src\streamio\release\commonfilesystem.obj
c:\users\jmfra\projects\zig\blitzkrieg\sources\src\streamio\release\zipfilesystem.obj
c:\users\jmfra\projects\zig\blitzkrieg\sources\src\streamio\release\zipfile.obj
c:\users\jmfra\projects\zig\blitzkrieg\sources\src\streamio\release\globalsloader.obj
c:\users\jmfra\projects\zig\blitzkrieg\sources\src\streamio\release\streamio.res
c:\users\jmfra\projects\zig\blitzkrieg\sources\src\streamio\release\msxml3.tli
c:\users\jmfra\projects\zig\blitzkrieg\sources\src\streamio\release\msxml3.tlh
c:\users\jmfra\projects\zig\blitzkrieg\sources\src\streamio\release\streamio.exp
c:\users\jmfra\projects\zig\blitzkrieg\sources\src\streamio\release\streamio.tlog\cl.command.1.tlog
c:\users\jmfra\projects\zig\blitzkrieg\sources\src\streamio\release\streamio.tlog\cl.read.1.tlog
c:\users\jmfra\projects\zig\blitzkrieg\sources\src\streamio\release\streamio.tlog\cl.write.1.tlog
c:\users\jmfra\projects\zig\blitzkrieg\sources\src\streamio\release\streamio.tlog\link-cvtres.read.1.tlog
c:\users\jmfra\projects\zig\blitzkrieg\sources\src\streamio\release\streamio.tlog\link-cvtres.write.1.tlog
c:\users\jmfra\projects\zig\blitzkrieg\sources\src\streamio\release\streamio.tlog\link-rc.read.1.tlog
c:\users\jmfra\projects\zig\blitzkrieg\sources\src\streamio\release\streamio.tlog\link-rc.write.1.tlog
c:\users\jmfra\projects\zig\blitzkrieg\sources\src\streamio\release\streamio.tlog\link.command.1.tlog
c:\users\jmfra\projects\zig\blitzkrieg\sources\src\streamio\release\streamio.tlog\link.read.1.tlog
c:\users\jmfra\projects\zig\blitzkrieg\sources\src\streamio\release\streamio.tlog\link.write.1.tlog
c:\users\jmfra\projects\zig\blitzkrieg\sources\src\streamio\release\streamio.tlog\rc.command.1.tlog
c:\users\jmfra\projects\zig\blitzkrieg\sources\src\streamio\release\streamio.tlog\rc.read.1.tlog
c:\users\jmfra\projects\zig\blitzkrieg\sources\src\streamio\release\streamio.tlog\rc.write.1.tlog
