c:\users\jmfra\projects\zig\blitzkrieg\sources\src\net\release\vc145.pdb
c:\users\jmfra\projects\zig\blitzkrieg\sources\src\net\release\gsserverslist.obj
c:\users\jmfra\projects\zig\blitzkrieg\sources\src\net\release\netobjectfactory.obj
c:\users\jmfra\projects\zig\blitzkrieg\sources\src\net\release\netstream.obj
c:\users\jmfra\projects\zig\blitzkrieg\sources\src\net\release\netserverinfo.obj
c:\users\jmfra\projects\zig\blitzkrieg\sources\src\net\release\netpeer2peer.obj
c:\users\jmfra\projects\zig\blitzkrieg\sources\src\net\release\netlowest.obj
c:\users\jmfra\projects\zig\blitzkrieg\sources\src\net\release\netlogin.obj
c:\users\jmfra\projects\zig\blitzkrieg\sources\src\net\release\netconnection.obj
c:\users\jmfra\projects\zig\blitzkrieg\sources\src\net\release\netacks.obj
c:\users\jmfra\projects\zig\blitzkrieg\sources\src\net\release\neta4.obj
c:\users\jmfra\projects\zig\blitzkrieg\sources\src\net\release\net.pch
c:\users\jmfra\projects\zig\blitzkrieg\sources\src\net\release\stdafx.obj
c:\users\jmfra\projects\zig\blitzkrieg\sources\src\net\release\gsqueryreportingdriver.obj
c:\users\jmfra\projects\zig\blitzkrieg\sources\src\net\release\streams.obj
c:\users\jmfra\projects\zig\blitzkrieg\sources\src\net\release\netdriverconsts.obj
c:\users\jmfra\projects\zig\blitzkrieg\sources\src\net\release\globalsloader.obj
c:\users\jmfra\projects\zig\blitzkrieg\sources\src\net\release\net.res
c:\users\jmfra\projects\zig\blitzkrieg\sources\src\net\release\net.exp
c:\users\jmfra\projects\zig\blitzkrieg\sources\src\net\release\net.tlog\cl.command.1.tlog
c:\users\jmfra\projects\zig\blitzkrieg\sources\src\net\release\net.tlog\cl.read.1.tlog
c:\users\jmfra\projects\zig\blitzkrieg\sources\src\net\release\net.tlog\cl.write.1.tlog
c:\users\jmfra\projects\zig\blitzkrieg\sources\src\net\release\net.tlog\link-cvtres.read.1.tlog
c:\users\jmfra\projects\zig\blitzkrieg\sources\src\net\release\net.tlog\link-cvtres.write.1.tlog
c:\users\jmfra\projects\zig\blitzkrieg\sources\src\net\release\net.tlog\link-rc.read.1.tlog
c:\users\jmfra\projects\zig\blitzkrieg\sources\src\net\release\net.tlog\link-rc.write.1.tlog
c:\users\jmfra\projects\zig\blitzkrieg\sources\src\net\release\net.tlog\link.command.1.tlog
c:\users\jmfra\projects\zig\blitzkrieg\sources\src\net\release\net.tlog\link.read.1.tlog
c:\users\jmfra\projects\zig\blitzkrieg\sources\src\net\release\net.tlog\link.write.1.tlog
c:\users\jmfra\projects\zig\blitzkrieg\sources\src\net\release\net.tlog\rc.command.1.tlog
c:\users\jmfra\projects\zig\blitzkrieg\sources\src\net\release\net.tlog\rc.read.1.tlog
c:\users\jmfra\projects\zig\blitzkrieg\sources\src\net\release\net.tlog\rc.write.1.tlog
