     Creating library .\Release\Net.lib and object .\Release\Net.exp
NetA4.obj : error LNK2019: unresolved external symbol "char const * __cdecl NStr::Format(char const *,...)" (?Format@NStr@@YAPBDPBDZZ) referenced in function "public: virtual char const * __stdcall NNet::CNetDriver::GetAddressByClientID(int)const " (?GetAddressByClientID@CNetDriver@NNet@@UBGPBDH@Z)
GSQueryReportingDriver.obj : error LNK2001: unresolved external symbol "char const * __cdecl NStr::Format(char const *,...)" (?Format@NStr@@YAPBDPBDZZ)
NetA4.obj : error LNK2019: unresolved external symbol "void __cdecl NHPTimer::GetTime(__int64 *)" (?GetTime@NHPTimer@@YAXPA_J@Z) referenced in function "public: virtual bool __stdcall NNet::CNetDriver::Init(unsigned int,int,bool)" (?Init@CNetDriver@NNet@@UAG_NIH_N@Z)
NetLogin.obj : error LNK2001: unresolved external symbol "void __cdecl NHPTimer::GetTime(__int64 *)" (?GetTime@NHPTimer@@YAXPA_J@Z)
NetA4.obj : error LNK2019: unresolved external symbol "double __cdecl NHPTimer::GetTimePassed(__int64 *)" (?GetTimePassed@NHPTimer@@YANPA_J@Z) referenced in function "private: void __thiscall NNet::CNetDriver::Step(void)" (?Step@CNetDriver@NNet@@AAEXXZ)
NetObjectFactory.obj : error LNK2001: unresolved external symbol "public: virtual struct IRefCount * __stdcall CBasicObjectFactory::CreateObject(int)" (?CreateObject@CBasicObjectFactory@@UAGPAUIRefCount@@H@Z)
NetObjectFactory.obj : error LNK2019: unresolved external symbol "public: virtual void __stdcall CBasicObjectFactory::RegisterType(int,struct IRefCount * (__stdcall*)(void))" (?RegisterType@CBasicObjectFactory@@UAGXHP6GPAUIRefCount@@XZ@Z) referenced in function "public: __thiscall CNetObjectFactory::CNetObjectFactory(void)" (??0CNetObjectFactory@@QAE@XZ)
NetObjectFactory.obj : error LNK2001: unresolved external symbol "public: virtual void __stdcall CBasicObjectFactory::Aggregate(struct IObjectFactory *)" (?Aggregate@CBasicObjectFactory@@UAGXPAUIObjectFactory@@@Z)
NetObjectFactory.obj : error LNK2001: unresolved external symbol "public: virtual void __stdcall CBasicObjectFactory::GetKnownTypes(struct SObjectFactoryTypeInfo *,int)" (?GetKnownTypes@CBasicObjectFactory@@UAGXPAUSObjectFactoryTypeInfo@@H@Z)
GSQueryReportingDriver.obj : error LNK2019: unresolved external symbol "int __cdecl NStr::ToInt(char const *)" (?ToInt@NStr@@YAHPBD@Z) referenced in function "private: void __thiscall CGSQueryReportingDriver::QRBasicCallBack(char *,int)" (?QRBasicCallBack@CGSQueryReportingDriver@@AAEXPADH@Z)
GSServersList.obj : error LNK2001: unresolved external symbol "int __cdecl NStr::ToInt(char const *)" (?ToInt@NStr@@YAHPBD@Z)
GSQueryReportingDriver.obj : error LNK2019: unresolved external symbol "void __cdecl NStr::SetCodePage(int)" (?SetCodePage@NStr@@YAXH@Z) referenced in function "private: void __thiscall CGSQueryReportingDriver::QRInfoCallBack(char *,int)" (?QRInfoCallBack@CGSQueryReportingDriver@@AAEXPADH@Z)
GSQueryReportingDriver.obj : error LNK2019: unresolved external symbol "void __cdecl NStr::ToAscii(class std::basic_string<char,struct std::char_traits<char>,class std::allocator<char> > *,class std::basic_string<wchar_t,struct std::char_traits<wchar_t>,class std::allocator<wchar_t> > const &)" (?ToAscii@NStr@@YAXPAV?$basic_string@DU?$char_traits@D@std@@V?$allocator@D@2@@std@@ABV?$basic_string@_WU?$char_traits@_W@std@@V?$allocator@_W@2@@3@@Z) referenced in function "class std::basic_string<char,struct std::char_traits<char>,class std::allocator<char> > __cdecl NStr::ToAscii(class std::basic_string<wchar_t,struct std::char_traits<wchar_t>,class std::allocator<wchar_t> > const &)" (?ToAscii@NStr@@YA?AV?$basic_string@DU?$char_traits@D@std@@V?$allocator@D@2@@std@@ABV?$basic_string@_WU?$char_traits@_W@std@@V?$allocator@_W@2@@3@@Z)
GSQueryReportingDriver.obj : error LNK2019: unresolved external symbol _qr_init referenced in function "public: virtual bool __stdcall CGSQueryReportingDriver::Init(unsigned int,int,bool)" (?Init@CGSQueryReportingDriver@@UAG_NIH_N@Z)
GSQueryReportingDriver.obj : error LNK2019: unresolved external symbol _qr_process_queries referenced in function "protected: virtual void __thiscall CGSQueryReportingDriver::Step(void)" (?Step@CGSQueryReportingDriver@@MAEXXZ)
GSQueryReportingDriver.obj : error LNK2019: unresolved external symbol _qr_send_statechanged referenced in function "public: virtual __thiscall CGSQueryReportingDriver::~CGSQueryReportingDriver(void)" (??1CGSQueryReportingDriver@@UAE@XZ)
GSQueryReportingDriver.obj : error LNK2019: unresolved external symbol _qr_shutdown referenced in function "public: virtual __thiscall CGSQueryReportingDriver::~CGSQueryReportingDriver(void)" (??1CGSQueryReportingDriver@@UAE@XZ)
GSQueryReportingDriver.obj : error LNK2019: unresolved external symbol "public: __thiscall CThread::CThread(int)" (??0CThread@@QAE@H@Z) referenced in function "public: __thiscall CGSQueryReportingDriver::CGSQueryReportingDriver(void)" (??0CGSQueryReportingDriver@@QAE@XZ)
GSServersList.obj : error LNK2001: unresolved external symbol "public: __thiscall CThread::CThread(int)" (??0CThread@@QAE@H@Z)
GSQueryReportingDriver.obj : error LNK2019: unresolved external symbol "public: __thiscall CThread::~CThread(void)" (??1CThread@@QAE@XZ) referenced in function __unwindfunclet$??0CGSQueryReportingDriver@@QAE@XZ$0
GSServersList.obj : error LNK2001: unresolved external symbol "public: __thiscall CThread::~CThread(void)" (??1CThread@@QAE@XZ)
GSQueryReportingDriver.obj : error LNK2019: unresolved external symbol "public: void __thiscall CThread::RunThread(void)" (?RunThread@CThread@@QAEXXZ) referenced in function "public: virtual bool __stdcall CGSQueryReportingDriver::Init(unsigned int,int,bool)" (?Init@CGSQueryReportingDriver@@UAG_NIH_N@Z)
GSServersList.obj : error LNK2001: unresolved external symbol "public: void __thiscall CThread::RunThread(void)" (?RunThread@CThread@@QAEXXZ)
GSQueryReportingDriver.obj : error LNK2019: unresolved external symbol "public: void __thiscall CThread::StopThread(void)" (?StopThread@CThread@@QAEXXZ) referenced in function "public: virtual __thiscall CGSQueryReportingDriver::~CGSQueryReportingDriver(void)" (??1CGSQueryReportingDriver@@UAE@XZ)
GSServersList.obj : error LNK2001: unresolved external symbol "public: void __thiscall CThread::StopThread(void)" (?StopThread@CThread@@QAEXXZ)
GSServersList.obj : error LNK2019: unresolved external symbol "void __cdecl NStr::SplitStringWithMultipleBrackets(class std::basic_string<char,struct std::char_traits<char>,class std::allocator<char> > const &,class std::vector<class std::basic_string<char,struct std::char_traits<char>,class std::allocator<char> >,class std::allocator<class std::basic_string<char,struct std::char_traits<char>,class std::allocator<char> > > > &,char)" (?SplitStringWithMultipleBrackets@NStr@@YAXABV?$basic_string@DU?$char_traits@D@std@@V?$allocator@D@2@@std@@AAV?$vector@V?$basic_string@DU?$char_traits@D@std@@V?$allocator@D@2@@std@@V?$allocator@V?$basic_string@DU?$char_traits@D@std@@V?$allocator@D@2@@std@@@2@@3@D@Z) referenced in function "private: void __thiscall CGSServersListDriver::AddServer(struct GServerImplementation *)" (?AddServer@CGSServersListDriver@@AAEXPAUGServerImplementation@@@Z)
GSServersList.obj : error LNK2019: unresolved external symbol "void __cdecl NStr::ToUnicode(class std::basic_string<wchar_t,struct std::char_traits<wchar_t>,class std::allocator<wchar_t> > *,class std::basic_string<char,struct std::char_traits<char>,class std::allocator<char> > const &)" (?ToUnicode@NStr@@YAXPAV?$basic_string@_WU?$char_traits@_W@std@@V?$allocator@_W@2@@std@@ABV?$basic_string@DU?$char_traits@D@std@@V?$allocator@D@2@@3@@Z) referenced in function "private: void __thiscall CGSServersListDriver::AddServer(struct GServerImplementation *)" (?AddServer@CGSServersListDriver@@AAEXPAUGServerImplementation@@@Z)
GSServersList.obj : error LNK2019: unresolved external symbol _ServerListNew referenced in function "public: virtual bool __stdcall CGSServersListDriver::Init(unsigned int,int,bool)" (?Init@CGSServersListDriver@@UAG_NIH_N@Z)
GSServersList.obj : error LNK2019: unresolved external symbol _ServerListFree referenced in function "public: virtual __thiscall CGSServersListDriver::~CGSServersListDriver(void)" (??1CGSServersListDriver@@UAE@XZ)
GSServersList.obj : error LNK2019: unresolved external symbol _ServerListUpdate referenced in function "public: virtual void __stdcall CGSServersListDriver::RefreshServersList(void)" (?RefreshServersList@CGSServersListDriver@@UAGXXZ)
GSServersList.obj : error LNK2019: unresolved external symbol _ServerListThink referenced in function "protected: virtual void __thiscall CGSServersListDriver::Step(void)" (?Step@CGSServersListDriver@@MAEXXZ)
GSServersList.obj : error LNK2019: unresolved external symbol _ServerListClear referenced in function "public: virtual void __stdcall CGSServersListDriver::RefreshServersList(void)" (?RefreshServersList@CGSServersListDriver@@UAGXXZ)
GSServersList.obj : error LNK2019: unresolved external symbol _ServerListState referenced in function "private: void __thiscall CGSServersListDriver::List(struct GServerListImplementation *,int,void *,void *)" (?List@CGSServersListDriver@@AAEXPAUGServerListImplementation@@HPAX1@Z)
GSServersList.obj : error LNK2019: unresolved external symbol _ServerGetPing referenced in function "private: void __thiscall CGSServersListDriver::AddServer(struct GServerImplementation *)" (?AddServer@CGSServersListDriver@@AAEXPAUGServerImplementation@@@Z)
GSServersList.obj : error LNK2019: unresolved external symbol _ServerGetAddress referenced in function "private: void __thiscall CGSServersListDriver::AddServer(struct GServerImplementation *)" (?AddServer@CGSServersListDriver@@AAEXPAUGServerImplementation@@@Z)
GSServersList.obj : error LNK2019: unresolved external symbol _ServerGetStringValue referenced in function "private: void __thiscall CGSServersListDriver::AddServer(struct GServerImplementation *)" (?AddServer@CGSServersListDriver@@AAEXPAUGServerImplementation@@@Z)
GSServersList.obj : error LNK2019: unresolved external symbol _ServerGetIntValue referenced in function "private: void __thiscall CGSServersListDriver::AddServer(struct GServerImplementation *)" (?AddServer@CGSServersListDriver@@AAEXPAUGServerImplementation@@@Z)
.\Release\Net.dll : fatal error LNK1120: 30 unresolved externals
