  MOSquad.cpp
  MOUnitMechanical.cpp
C:\Users\jmfrank\source\repos\jmfrank63\Blitzkrieg\Sources\src\Common\MOSquad.cpp(97,11): error C2666: 'CObj<IMOUnit>::operator ==': overloaded functions have similar conversions
  (compiling source file '/MOSquad.cpp')
      C:\Users\jmfrank\source\repos\jmfrank63\Blitzkrieg\Sources\src\Misc\Basic.h(592,1):
      could be 'bool CObj<IMOUnit>::operator ==(const TUserObj *) const'
          with
          [
              TUserObj=IMOUnit
          ]
      C:\Users\jmfrank\source\repos\jmfrank63\Blitzkrieg\Sources\src\Misc\Basic.h(592,1):
      or       'bool CObj<IMOUnit>::operator ==(const CObj<IMOUnit> &) const'
      C:\Users\jmfrank\source\repos\jmfrank63\Blitzkrieg\Sources\src\Common\MOSquad.cpp(97,11):
      or       'built-in C++ operator==(TUserObj *, TUserObj *)'
          with
          [
              TUserObj=IMOUnit
          ]
      C:\Users\jmfrank\source\repos\jmfrank63\Blitzkrieg\Sources\src\Common\MOSquad.cpp(97,11):
      while trying to match the argument list '(CObj<IMOUnit>, IMOUnit *)'
      C:\Users\jmfrank\source\repos\jmfrank63\Blitzkrieg\Sources\src\Common\MOSquad.cpp(97,11):
      qualification adjustment (const/volatile) may be causing the ambiguity
  
C:\Users\jmfrank\source\repos\jmfrank63\Blitzkrieg\Sources\src\Common\MOUnitMechanical.cpp(752,14): error C2664: 'void IConsoleBuffer::Write(int,const wchar_t *,DWORD,bool)': cannot convert argument 2 from 'const WORD *' to 'const wchar_t *'
  (compiling source file '/MOUnitMechanical.cpp')
      C:\Users\jmfrank\source\repos\jmfrank63\Blitzkrieg\Sources\src\Common\MOUnitMechanical.cpp(752,58):
      Types pointed to are unrelated; conversion requires reinterpret_cast, C-style cast or parenthesized function-style cast
      C:\Users\jmfrank\source\repos\jmfrank63\Blitzkrieg\Sources\src\StreamIO\Globals.h(115,23):
      see declaration of 'IConsoleBuffer::Write'
      C:\Users\jmfrank\source\repos\jmfrank63\Blitzkrieg\Sources\src\Common\MOUnitMechanical.cpp(752,14):
      while trying to match the argument list '(<unnamed-enum-CONSOLE_STREAM_WORLD>, const WORD *, const DWORD)'
  
  UISquadElement.cpp
  WorldBase.cpp
C:\Users\jmfrank\source\repos\jmfrank63\Blitzkrieg\Sources\src\Common\WorldBase.cpp(1129,119): error C2027: use of undefined type 'type_info'
  (compiling source file '/WorldBase.cpp')
      C:\Users\jmfrank\source\repos\jmfrank63\Blitzkrieg\Sources\src\Common\predefined C++ types (compiler internal)(228,7):
      see declaration of 'type_info'
  
C:\Users\jmfrank\source\repos\jmfrank63\Blitzkrieg\Sources\src\Common\WorldBase.cpp(1598,35): error C2664: 'void IConsoleBuffer::Write(int,const wchar_t *,DWORD,bool)': cannot convert argument 2 from 'const WORD *' to 'const wchar_t *'
  (compiling source file '/WorldBase.cpp')
      C:\Users\jmfrank\source\repos\jmfrank63\Blitzkrieg\Sources\src\Common\WorldBase.cpp(1598,79):
      Types pointed to are unrelated; conversion requires reinterpret_cast, C-style cast or parenthesized function-style cast
      C:\Users\jmfrank\source\repos\jmfrank63\Blitzkrieg\Sources\src\StreamIO\Globals.h(115,23):
      see declaration of 'IConsoleBuffer::Write'
      C:\Users\jmfrank\source\repos\jmfrank63\Blitzkrieg\Sources\src\Common\WorldBase.cpp(1598,35):
      while trying to match the argument list '(<unnamed-enum-CONSOLE_STREAM_WORLD>, const WORD *, const DWORD)'
  
  InterfaceScreenBase.cpp
C:\Users\jmfrank\source\repos\jmfrank63\Blitzkrieg\Sources\src\Common\InterfaceScreenBase.cpp(128,10): error C2666: 'CPtr<IText>::operator !=': overloaded functions have similar conversions
  (compiling source file '/InterfaceScreenBase.cpp')
      C:\Users\jmfrank\source\repos\jmfrank63\Blitzkrieg\Sources\src\Misc\Basic.h(590,1):
      could be 'bool CPtr<IText>::operator !=(const TUserObj *) const'
          with
          [
              TUserObj=IText
          ]
      C:\Users\jmfrank\source\repos\jmfrank63\Blitzkrieg\Sources\src\Misc\Basic.h(590,1):
      or       'bool CPtr<IText>::operator !=(const CPtr<IText> &) const'
      C:\Users\jmfrank\source\repos\jmfrank63\Blitzkrieg\Sources\src\Common\InterfaceScreenBase.cpp(128,10):
      or       'built-in C++ operator!=(TUserObj *, TUserObj *)'
          with
          [
              TUserObj=IText
          ]
      C:\Users\jmfrank\source\repos\jmfrank63\Blitzkrieg\Sources\src\Common\InterfaceScreenBase.cpp(128,10):
      while trying to match the argument list '(CPtr<IText>, IText *)'
      C:\Users\jmfrank\source\repos\jmfrank63\Blitzkrieg\Sources\src\Common\InterfaceScreenBase.cpp(128,10):
      qualification adjustment (const/volatile) may be causing the ambiguity
  
C:\Users\jmfrank\source\repos\jmfrank63\Blitzkrieg\Sources\src\Common\InterfaceScreenBase.cpp(138,13): error C2666: 'CPtr<IText>::operator !=': overloaded functions have similar conversions
  (compiling source file '/InterfaceScreenBase.cpp')
      C:\Users\jmfrank\source\repos\jmfrank63\Blitzkrieg\Sources\src\Misc\Basic.h(590,1):
      could be 'bool CPtr<IText>::operator !=(const TUserObj *) const'
          with
          [
              TUserObj=IText
          ]
      C:\Users\jmfrank\source\repos\jmfrank63\Blitzkrieg\Sources\src\Misc\Basic.h(590,1):
      or       'bool CPtr<IText>::operator !=(const CPtr<IText> &) const'
      C:\Users\jmfrank\source\repos\jmfrank63\Blitzkrieg\Sources\src\Common\InterfaceScreenBase.cpp(138,13):
      or       'built-in C++ operator!=(TUserObj *, TUserObj *)'
          with
          [
              TUserObj=IText
          ]
      C:\Users\jmfrank\source\repos\jmfrank63\Blitzkrieg\Sources\src\Common\InterfaceScreenBase.cpp(138,13):
      while trying to match the argument list '(CPtr<IText>, IText *)'
      C:\Users\jmfrank\source\repos\jmfrank63\Blitzkrieg\Sources\src\Common\InterfaceScreenBase.cpp(138,13):
      qualification adjustment (const/volatile) may be causing the ambiguity
  
  Generating Code...
